Log file open, 02/13/22 22:55:25
LogWindows: Failed to load 'aqProf.dll' (GetLastError=126)
LogWindows: File 'aqProf.dll' does not exist
LogWindows: Failed to load 'VtuneApi.dll' (GetLastError=126)
LogWindows: File 'VtuneApi.dll' does not exist
LogWindows: Failed to load 'VtuneApi32e.dll' (GetLastError=126)
LogWindows: File 'VtuneApi32e.dll' does not exist
LogConsoleResponse: Display: Failed to find resolution value strings in scalability ini. Falling back to default.
LogConsoleResponse: Display: Failed to find resolution value strings in scalability ini. Falling back to default.
LogInit: Display: Running engine for game: InfiniteMatrix
LogPlatformFile: Not using cached read wrapper
LogTaskGraph: Started task graph with 5 named threads and 47 total threads with 3 sets of task threads.
LogStats: Stats thread started at 0.169004
LogICUInternationalization: ICU TimeZone Detection - Raw Offset: -6:00, Platform Override: ''
LogInit: Display: Loading text-based GConfig....
LogPluginManager: Mounting plugin MeshPainting
LogPluginManager: Mounting plugin XGEController
LogPluginManager: Mounting plugin Paper2D
LogPluginManager: Mounting plugin LiveLink
LogPluginManager: Mounting plugin EnvironmentQueryEditor
LogPluginManager: Mounting plugin AISupport
LogPluginManager: Mounting plugin GameplayCameras
LogPluginManager: Mounting plugin LightPropagationVolume
LogPluginManager: Mounting plugin CameraShakePreviewer
LogPluginManager: Mounting plugin AnimationSharing
LogPluginManager: Mounting plugin KDevelopSourceCodeAccess
LogPluginManager: Mounting plugin CLionSourceCodeAccess
LogPluginManager: Mounting plugin CodeLiteSourceCodeAccess
LogPluginManager: Mounting plugin PlasticSourceControl
LogPluginManager: Mounting plugin PerforceSourceControl
LogPluginManager: Mounting plugin NullSourceCodeAccess
LogPluginManager: Mounting plugin GitSourceControl
LogPluginManager: Mounting plugin PluginUtils
LogPluginManager: Mounting plugin PropertyAccessNode
LogPluginManager: Mounting plugin PixWinPlugin
LogPluginManager: Mounting plugin RiderSourceCodeAccess
LogPluginManager: Mounting plugin TextureFormatOodle
LogPluginManager: Mounting plugin SubversionSourceControl
LogPluginManager: Mounting plugin OodleData
LogPluginManager: Mounting plugin OodleNetwork
LogPluginManager: Mounting plugin VisualStudioSourceCodeAccess
LogPluginManager: Mounting plugin UObjectPlugin
LogPluginManager: Mounting plugin XCodeSourceCodeAccess
LogPluginManager: Mounting plugin VisualStudioCodeSourceCodeAccess
LogPluginManager: Mounting plugin DatasmithContent
LogPluginManager: Mounting plugin VariantManagerContent
LogPluginManager: Mounting plugin AssetManagerEditor
LogPluginManager: Mounting plugin CurveEditorTools
LogPluginManager: Mounting plugin FacialAnimation
LogPluginManager: Mounting plugin GameplayTagsEditor
LogPluginManager: Mounting plugin GeometryMode
LogPluginManager: Mounting plugin MaterialAnalyzer
LogPluginManager: Mounting plugin MacGraphicsSwitching
LogPluginManager: Mounting plugin CryptoKeys
LogPluginManager: Mounting plugin MobileLauncherProfileWizard
LogPluginManager: Mounting plugin DataValidation
LogPluginManager: Mounting plugin PluginBrowser
LogPluginManager: Mounting plugin SpeedTreeImporter
LogPluginManager: Mounting plugin Niagara
LogPluginManager: Mounting plugin LuminPlatformFeatures
LogPluginManager: Mounting plugin MagicLeap
LogPluginManager: Mounting plugin MagicLeapLightEstimation
LogPluginManager: Mounting plugin MagicLeapPassableWorld
LogPluginManager: Mounting plugin MLSDK
LogPluginManager: Mounting plugin AlembicImporter
LogPluginManager: Mounting plugin MagicLeapMedia
LogPluginManager: Mounting plugin AutomationUtils
LogPluginManager: Mounting plugin BackChannel
LogPluginManager: Mounting plugin ChaosCloth
LogPluginManager: Mounting plugin ChaosNiagara
LogPluginManager: Mounting plugin ChaosEditor
LogPluginManager: Mounting plugin ChaosSolverPlugin
LogPluginManager: Mounting plugin ChaosClothEditor
LogPluginManager: Mounting plugin AndroidMedia
LogPluginManager: Mounting plugin CharacterAI
LogPluginManager: Mounting plugin AvfMedia
LogPluginManager: Mounting plugin ImgMedia
LogPluginManager: Mounting plugin MediaCompositing
LogPluginManager: Mounting plugin MediaPlayerEditor
LogPluginManager: Mounting plugin ActorSequence
LogPluginManager: Mounting plugin LevelSequenceEditor
LogPluginManager: Mounting plugin MatineeToLevelSequence
LogPluginManager: Mounting plugin WebMMedia
LogPluginManager: Mounting plugin WmfMedia
LogPluginManager: Mounting plugin GeometryCache
LogPluginManager: Mounting plugin TemplateSequence
LogPluginManager: Mounting plugin GeometryCollectionPlugin
LogPluginManager: Mounting plugin GeometryProcessing
LogPluginManager: Mounting plugin MotoSynth
LogPluginManager: Mounting plugin OpenImageDenoise
LogPluginManager: Mounting plugin PythonScriptPlugin
LogPluginManager: Mounting plugin PlanarCut
LogPluginManager: Mounting plugin SkeletalReduction
LogPluginManager: Mounting plugin LauncherChunkInstaller
LogPluginManager: Mounting plugin UdpMessaging
LogPluginManager: Mounting plugin TcpMessaging
LogPluginManager: Mounting plugin OnlineSubsystem
LogPluginManager: Mounting plugin OnlineSubsystemNull
LogPluginManager: Mounting plugin ProxyLODPlugin
LogPluginManager: Mounting plugin PlatformCrypto
LogPluginManager: Mounting plugin OnlineSubsystemUtils
LogPluginManager: Mounting plugin ActorLayerUtilities
LogPluginManager: Mounting plugin AndroidDeviceProfileSelector
LogPluginManager: Mounting plugin AndroidMoviePlayer
LogPluginManager: Mounting plugin AndroidPermission
LogPluginManager: Mounting plugin AppleImageUtils
LogPluginManager: Mounting plugin AppleMoviePlayer
LogPluginManager: Mounting plugin AssetTags
LogPluginManager: Mounting plugin ArchVisCharacter
LogPluginManager: Mounting plugin AudioCapture
LogPluginManager: Mounting plugin AudioSynesthesia
LogPluginManager: Mounting plugin CableComponent
LogPluginManager: Mounting plugin CustomMeshComponent
LogPluginManager: Mounting plugin ChunkDownloader
LogPluginManager: Mounting plugin ScreenshotTools
LogPluginManager: Mounting plugin EditableMesh
LogPluginManager: Mounting plugin ExampleDeviceProfileSelector
LogPluginManager: Mounting plugin GoogleCloudMessaging
LogPluginManager: Mounting plugin GooglePAD
LogPluginManager: Mounting plugin IOSDeviceProfileSelector
LogPluginManager: Mounting plugin LocationServicesBPLibrary
LogPluginManager: Mounting plugin LinuxDeviceProfileSelector
LogPluginManager: Mounting plugin MobilePatchingUtils
LogPluginManager: Mounting plugin OpenXR
LogPluginManager: Mounting plugin OpenXRHandTracking
LogPluginManager: Mounting plugin OpenXREyeTracker
LogPluginManager: Mounting plugin PhysXVehicles
LogPluginManager: Mounting plugin Takes
LogPluginManager: Mounting plugin PostSplashScreen
LogPluginManager: Mounting plugin ProceduralMeshComponent
LogPluginManager: Mounting plugin PropertyAccessEditor
LogPluginManager: Mounting plugin SignificanceManager
LogPluginManager: Mounting plugin RuntimePhysXCooking
LogPluginManager: Mounting plugin SoundFields
LogPluginManager: Mounting plugin Synthesis
LogPluginManager: Mounting plugin WebMMoviePlayer
LogPluginManager: Mounting plugin WindowsMoviePlayer
LogPluginManager: Mounting plugin ContentBrowserAssetDataSource
LogPluginManager: Mounting plugin ContentBrowserClassDataSource
LogPluginManager: Mounting plugin ContentBrowserFileDataSource
LogPluginManager: Mounting plugin OnlineSubsystemGooglePlay
LogPluginManager: Mounting plugin OnlineSubsystemIOS
LogPluginManager: Mounting plugin OculusVR
LogPluginManager: Mounting plugin SteamVR
PixWinPlugin: PIX capture plugin failed to initialize! Check that the process is launched from PIX.
LogInit: Using libcurl 7.55.1-DEV
LogInit:  - built for x86_64-pc-win32
LogInit:  - supports SSL with OpenSSL/1.1.1
LogInit:  - supports HTTP deflate (compression) using libz 1.2.8
LogInit:  - other features:
LogInit:      CURL_VERSION_SSL
LogInit:      CURL_VERSION_LIBZ
LogInit:      CURL_VERSION_IPV6
LogInit:      CURL_VERSION_ASYNCHDNS
LogInit:      CURL_VERSION_LARGEFILE
LogInit:      CURL_VERSION_IDN
LogInit:  CurlRequestOptions (configurable via config and command line):
LogInit:  - bVerifyPeer = true  - Libcurl will verify peer certificate
LogInit:  - bUseHttpProxy = false  - Libcurl will NOT use HTTP proxy
LogInit:  - bDontReuseConnections = false  - Libcurl will reuse connections
LogInit:  - MaxHostConnections = 16  - Libcurl will limit the number of connections to a host
LogInit:  - LocalHostAddr = Default
LogInit:  - BufferSize = 65536
LogOnline: OSS: Creating online subsystem instance for: NULL
LogInit: WinSock: version 1.1 (2.2), MaxSocks=32767, MaxUdp=65467
LogOnline: OSS: TryLoadSubsystemAndSetDefault: Loaded subsystem for module [NULL]
LogOculusPluginWrapper: OculusPlugin initialized successfully
LogHMD: Failed initializing OVRPlugin 1.59.0
LogInit: Build: ++UE4+Release-4.27-CL-18319896
LogInit: Engine Version: 4.27.2-18319896+++UE4+Release-4.27
LogInit: Compatible Engine Version: 4.27.0-17155196+++UE4+Release-4.27
LogInit: Net CL: 17155196
LogInit: OS: Windows 10 (Release 2009) (), CPU: AMD Ryzen 7 5800X 8-Core Processor             , GPU: NVIDIA GeForce RTX 3080 Ti
LogInit: Compiled (64-bit): Nov 30 2021 07:12:08
LogInit: Compiled with Visual C++: 19.24.28315.00
LogInit: Build Configuration: Development
LogInit: Branch Name: ++UE4+Release-4.27
LogInit: Command Line:  -EpicPortal -epicusername=michaeljiang0929 -epicuserid=cf45068128a5444f85907a51b7ccb98a -epiclocale=en -epicsandboxid=ue
LogInit: Base Directory: C:/Program Files/Epic Games/UE_4.27/Engine/Binaries/Win64/
LogInit: Allocator: TBB
LogInit: Installed Engine Build: 1
LogDevObjectVersion: Number of dev versions registered: 29
LogDevObjectVersion:   Dev-Blueprints (B0D832E4-1F89-4F0D-ACCF-7EB736FD4AA2): 10
LogDevObjectVersion:   Dev-Build (E1C64328-A22C-4D53-A36C-8E866417BD8C): 0
LogDevObjectVersion:   Dev-Core (375EC13C-06E4-48FB-B500-84F0262A717E): 4
LogDevObjectVersion:   Dev-Editor (E4B068ED-F494-42E9-A231-DA0B2E46BB41): 40
LogDevObjectVersion:   Dev-Framework (CFFC743F-43B0-4480-9391-14DF171D2073): 37
LogDevObjectVersion:   Dev-Mobile (B02B49B5-BB20-44E9-A304-32B752E40360): 3
LogDevObjectVersion:   Dev-Networking (A4E4105C-59A1-49B5-A7C5-40C4547EDFEE): 0
LogDevObjectVersion:   Dev-Online (39C831C9-5AE6-47DC-9A44-9C173E1C8E7C): 0
LogDevObjectVersion:   Dev-Physics (78F01B33-EBEA-4F98-B9B4-84EACCB95AA2): 14
LogDevObjectVersion:   Dev-Platform (6631380F-2D4D-43E0-8009-CF276956A95A): 0
LogDevObjectVersion:   Dev-Rendering (12F88B9F-8875-4AFC-A67C-D90C383ABD29): 45
LogDevObjectVersion:   Dev-Sequencer (7B5AE74C-D270-4C10-A958-57980B212A5A): 13
LogDevObjectVersion:   Dev-VR (D7296918-1DD6-4BDD-9DE2-64A83CC13884): 3
LogDevObjectVersion:   Dev-LoadTimes (C2A15278-BFE7-4AFE-6C17-90FF531DF755): 1
LogDevObjectVersion:   Private-Geometry (6EACA3D4-40EC-4CC1-B786-8BED09428FC5): 3
LogDevObjectVersion:   Dev-AnimPhys (29E575DD-E0A3-4627-9D10-D276232CDCEA): 17
LogDevObjectVersion:   Dev-Anim (AF43A65D-7FD3-4947-9873-3E8ED9C1BB05): 15
LogDevObjectVersion:   Dev-ReflectionCapture (6B266CEC-1EC7-4B8F-A30B-E4D90942FC07): 1
LogDevObjectVersion:   Dev-Automation (0DF73D61-A23F-47EA-B727-89E90C41499A): 1
LogDevObjectVersion:   FortniteMain (601D1886-AC64-4F84-AA16-D3DE0DEAC7D6): 47
LogDevObjectVersion:   FortniteRelease (E7086368-6B23-4C58-8439-1B7016265E91): 1
LogDevObjectVersion:   Dev-Enterprise (9DFFBCD6-494F-0158-E221-12823C92A888): 10
LogDevObjectVersion:   Dev-Niagara (F2AED0AC-9AFE-416F-8664-AA7FFA26D6FC): 1
LogDevObjectVersion:   Dev-Destruction (174F1F0B-B4C6-45A5-B13F-2EE8D0FB917D): 10
LogDevObjectVersion:   Dev-Physics-Ext (35F94A83-E258-406C-A318-09F59610247C): 41
LogDevObjectVersion:   Dev-PhysicsMaterial-Chaos (B68FC16E-8B1B-42E2-B453-215C058844FE): 1
LogDevObjectVersion:   Dev-CineCamera (B2E18506-4273-CFC2-A54E-F4BB758BBA07): 1
LogDevObjectVersion:   Dev-VirtualProduction (64F58936-FD1B-42BA-BA96-7289D5D0FA4E): 1
LogDevObjectVersion:   Dev-MediaFramework (6F0ED827-A609-4895-9C91-998D90180EA4): 2
LogInit: Presizing for max 25165824 objects, including 0 objects not considered by GC, pre-allocating 0 bytes for permanent pool.
LogConfig: Applying CVar settings from Section [/Script/Engine.StreamingSettings] File [C:/Users/Michael/Downloads/InfiniteMatrixCompleteProject/InfiniteMatrixComplete 4.27/Saved/Config/Windows/Engine.ini]
LogConfig: Setting CVar [[s.MinBulkDataSizeForAsyncLoading:131072]]
LogConfig: Setting CVar [[s.AsyncLoadingThreadEnabled:0]]
LogConfig: Setting CVar [[s.EventDrivenLoaderEnabled:1]]
LogConfig: Setting CVar [[s.WarnIfTimeLimitExceeded:0]]
LogConfig: Setting CVar [[s.TimeLimitExceededMultiplier:1.5]]
LogConfig: Setting CVar [[s.TimeLimitExceededMinTime:0.005]]
LogConfig: Setting CVar [[s.UseBackgroundLevelStreaming:1]]
LogConfig: Setting CVar [[s.PriorityAsyncLoadingExtraTime:15.0]]
LogConfig: Setting CVar [[s.LevelStreamingActorsUpdateTimeLimit:5.0]]
LogConfig: Setting CVar [[s.PriorityLevelStreamingActorsUpdateExtraTime:5.0]]
LogConfig: Setting CVar [[s.LevelStreamingComponentsRegistrationGranularity:10]]
LogConfig: Setting CVar [[s.UnregisterComponentsTimeLimit:1.0]]
LogConfig: Setting CVar [[s.LevelStreamingComponentsUnregistrationGranularity:5]]
LogConfig: Setting CVar [[s.FlushStreamingOnExit:1]]
LogInit: Object subsystem initialized
LogConfig: Setting CVar [[con.DebugEarlyDefault:1]]
LogConfig: Setting CVar [[r.setres:1280x720]]
[2022.02.14-04.55.25:794][  0]LogConfig: Setting CVar [[r.VSync:0]]
[2022.02.14-04.55.25:794][  0]LogConfig: Setting CVar [[r.RHICmdBypass:0]]
[2022.02.14-04.55.25:794][  0]LogConfig: Applying CVar settings from Section [/Script/Engine.RendererSettings] File [C:/Users/Michael/Downloads/InfiniteMatrixCompleteProject/InfiniteMatrixComplete 4.27/Saved/Config/Windows/Engine.ini]
[2022.02.14-04.55.25:794][  0]LogConfig: Setting CVar [[r.GPUCrashDebugging:0]]
[2022.02.14-04.55.25:794][  0]LogConfig: Applying CVar settings from Section [/Script/Engine.RendererOverrideSettings] File [C:/Users/Michael/Downloads/InfiniteMatrixCompleteProject/InfiniteMatrixComplete 4.27/Saved/Config/Windows/Engine.ini]
[2022.02.14-04.55.25:794][  0]LogConfig: Applying CVar settings from Section [/Script/Engine.StreamingSettings] File [C:/Users/Michael/Downloads/InfiniteMatrixCompleteProject/InfiniteMatrixComplete 4.27/Saved/Config/Windows/Engine.ini]
[2022.02.14-04.55.25:794][  0]LogConfig: Setting CVar [[s.MinBulkDataSizeForAsyncLoading:131072]]
[2022.02.14-04.55.25:794][  0]LogConfig: Setting CVar [[s.AsyncLoadingThreadEnabled:0]]
[2022.02.14-04.55.25:794][  0]LogConfig: Setting CVar [[s.EventDrivenLoaderEnabled:1]]
[2022.02.14-04.55.25:794][  0]LogConfig: Setting CVar [[s.WarnIfTimeLimitExceeded:0]]
[2022.02.14-04.55.25:794][  0]LogConfig: Setting CVar [[s.TimeLimitExceededMultiplier:1.5]]
[2022.02.14-04.55.25:794][  0]LogConfig: Setting CVar [[s.TimeLimitExceededMinTime:0.005]]
[2022.02.14-04.55.25:794][  0]LogConfig: Setting CVar [[s.UseBackgroundLevelStreaming:1]]
[2022.02.14-04.55.25:794][  0]LogConfig: Setting CVar [[s.PriorityAsyncLoadingExtraTime:15.0]]
[2022.02.14-04.55.25:794][  0]LogConfig: Setting CVar [[s.LevelStreamingActorsUpdateTimeLimit:5.0]]
[2022.02.14-04.55.25:794][  0]LogConfig: Setting CVar [[s.PriorityLevelStreamingActorsUpdateExtraTime:5.0]]
[2022.02.14-04.55.25:794][  0]LogConfig: Setting CVar [[s.LevelStreamingComponentsRegistrationGranularity:10]]
[2022.02.14-04.55.25:794][  0]LogConfig: Setting CVar [[s.UnregisterComponentsTimeLimit:1.0]]
[2022.02.14-04.55.25:794][  0]LogConfig: Setting CVar [[s.LevelStreamingComponentsUnregistrationGranularity:5]]
[2022.02.14-04.55.25:794][  0]LogConfig: Setting CVar [[s.FlushStreamingOnExit:1]]
[2022.02.14-04.55.25:794][  0]LogConfig: Applying CVar settings from Section [/Script/Engine.GarbageCollectionSettings] File [C:/Users/Michael/Downloads/InfiniteMatrixCompleteProject/InfiniteMatrixComplete 4.27/Saved/Config/Windows/Engine.ini]
[2022.02.14-04.55.25:794][  0]LogConfig: Setting CVar [[gc.MaxObjectsNotConsideredByGC:1]]
[2022.02.14-04.55.25:794][  0]LogConfig: Setting CVar [[gc.SizeOfPermanentObjectPool:0]]
[2022.02.14-04.55.25:794][  0]LogConfig: Setting CVar [[gc.FlushStreamingOnGC:0]]
[2022.02.14-04.55.25:794][  0]LogConfig: Setting CVar [[gc.NumRetriesBeforeForcingGC:10]]
[2022.02.14-04.55.25:794][  0]LogConfig: Setting CVar [[gc.AllowParallelGC:1]]
[2022.02.14-04.55.25:794][  0]LogConfig: Setting CVar [[gc.TimeBetweenPurgingPendingKillObjects:61.1]]
[2022.02.14-04.55.25:794][  0]LogConfig: Setting CVar [[gc.MaxObjectsInEditor:25165824]]
[2022.02.14-04.55.25:794][  0]LogConfig: Setting CVar [[gc.IncrementalBeginDestroyEnabled:1]]
[2022.02.14-04.55.25:794][  0]LogConfig: Setting CVar [[gc.CreateGCClusters:1]]
[2022.02.14-04.55.25:794][  0]LogConfig: Setting CVar [[gc.MinGCClusterSize:5]]
[2022.02.14-04.55.25:794][  0]LogConfig: Setting CVar [[gc.ActorClusteringEnabled:0]]
[2022.02.14-04.55.25:794][  0]LogConfig: Setting CVar [[gc.BlueprintClusteringEnabled:0]]
[2022.02.14-04.55.25:794][  0]LogConfig: Setting CVar [[gc.UseDisregardForGCOnDedicatedServers:0]]
[2022.02.14-04.55.25:794][  0]LogConfig: Setting CVar [[gc.MultithreadedDestructionEnabled:1]]
[2022.02.14-04.55.25:794][  0]LogConfig: Applying CVar settings from Section [/Script/Engine.NetworkSettings] File [C:/Users/Michael/Downloads/InfiniteMatrixCompleteProject/InfiniteMatrixComplete 4.27/Saved/Config/Windows/Engine.ini]
[2022.02.14-04.55.25:794][  0]LogConfig: Applying CVar settings from Section [/Script/UnrealEd.CookerSettings] File [C:/Users/Michael/Downloads/InfiniteMatrixCompleteProject/InfiniteMatrixComplete 4.27/Saved/Config/Windows/Engine.ini]
[2022.02.14-04.55.25:805][  0]LogConfig: Applying CVar settings from Section [ViewDistanceQuality@3] File [C:/Users/Michael/Downloads/InfiniteMatrixCompleteProject/InfiniteMatrixComplete 4.27/Saved/Config/Windows/Scalability.ini]
[2022.02.14-04.55.25:805][  0]LogConfig: Setting CVar [[r.SkeletalMeshLODBias:0]]
[2022.02.14-04.55.25:805][  0]LogConfig: Setting CVar [[r.ViewDistanceScale:1.0]]
[2022.02.14-04.55.25:805][  0]LogConfig: Applying CVar settings from Section [AntiAliasingQuality@3] File [C:/Users/Michael/Downloads/InfiniteMatrixCompleteProject/InfiniteMatrixComplete 4.27/Saved/Config/Windows/Scalability.ini]
[2022.02.14-04.55.25:805][  0]LogConfig: Setting CVar [[r.PostProcessAAQuality:4]]
[2022.02.14-04.55.25:805][  0]LogConfig: Applying CVar settings from Section [ShadowQuality@3] File [C:/Users/Michael/Downloads/InfiniteMatrixCompleteProject/InfiniteMatrixComplete 4.27/Saved/Config/Windows/Scalability.ini]
[2022.02.14-04.55.25:805][  0]LogConfig: Setting CVar [[r.LightFunctionQuality:1]]
[2022.02.14-04.55.25:805][  0]LogConfig: Setting CVar [[r.ShadowQuality:5]]
[2022.02.14-04.55.25:805][  0]LogConfig: Setting CVar [[r.Shadow.CSM.MaxCascades:10]]
[2022.02.14-04.55.25:805][  0]LogConfig: Setting CVar [[r.Shadow.MaxResolution:2048]]
[2022.02.14-04.55.25:805][  0]LogConfig: Setting CVar [[r.Shadow.MaxCSMResolution:2048]]
[2022.02.14-04.55.25:805][  0]LogConfig: Setting CVar [[r.Shadow.RadiusThreshold:0.01]]
[2022.02.14-04.55.25:805][  0]LogConfig: Setting CVar [[r.Shadow.DistanceScale:1.0]]
[2022.02.14-04.55.25:805][  0]LogConfig: Setting CVar [[r.Shadow.CSM.TransitionScale:1.0]]
[2022.02.14-04.55.25:805][  0]LogConfig: Setting CVar [[r.Shadow.PreShadowResolutionFactor:1.0]]
[2022.02.14-04.55.25:805][  0]LogConfig: Setting CVar [[r.DistanceFieldShadowing:1]]
[2022.02.14-04.55.25:805][  0]LogConfig: Setting CVar [[r.DistanceFieldAO:1]]
[2022.02.14-04.55.25:805][  0]LogConfig: Setting CVar [[r.AOQuality:2]]
[2022.02.14-04.55.25:805][  0]LogConfig: Setting CVar [[r.VolumetricFog:1]]
[2022.02.14-04.55.25:805][  0]LogConfig: Setting CVar [[r.VolumetricFog.GridPixelSize:8]]
[2022.02.14-04.55.25:805][  0]LogConfig: Setting CVar [[r.VolumetricFog.GridSizeZ:128]]
[2022.02.14-04.55.25:805][  0]LogConfig: Setting CVar [[r.VolumetricFog.HistoryMissSupersampleCount:4]]
[2022.02.14-04.55.25:805][  0]LogConfig: Setting CVar [[r.LightMaxDrawDistanceScale:1]]
[2022.02.14-04.55.25:805][  0]LogConfig: Setting CVar [[r.CapsuleShadows:1]]
[2022.02.14-04.55.25:805][  0]LogConfig: Applying CVar settings from Section [PostProcessQuality@3] File [C:/Users/Michael/Downloads/InfiniteMatrixCompleteProject/InfiniteMatrixComplete 4.27/Saved/Config/Windows/Scalability.ini]
[2022.02.14-04.55.25:805][  0]LogConfig: Setting CVar [[r.MotionBlurQuality:4]]
[2022.02.14-04.55.25:805][  0]LogConfig: Setting CVar [[r.AmbientOcclusionMipLevelFactor:0.4]]
[2022.02.14-04.55.25:805][  0]LogConfig: Setting CVar [[r.AmbientOcclusionMaxQuality:100]]
[2022.02.14-04.55.25:805][  0]LogConfig: Setting CVar [[r.AmbientOcclusionLevels:-1]]
[2022.02.14-04.55.25:805][  0]LogConfig: Setting CVar [[r.AmbientOcclusionRadiusScale:1.0]]
[2022.02.14-04.55.25:805][  0]LogConfig: Setting CVar [[r.DepthOfFieldQuality:2]]
[2022.02.14-04.55.25:805][  0]LogConfig: Setting CVar [[r.RenderTargetPoolMin:400]]
[2022.02.14-04.55.25:805][  0]LogConfig: Setting CVar [[r.LensFlareQuality:2]]
[2022.02.14-04.55.25:805][  0]LogConfig: Setting CVar [[r.SceneColorFringeQuality:1]]
[2022.02.14-04.55.25:805][  0]LogConfig: Setting CVar [[r.EyeAdaptationQuality:2]]
[2022.02.14-04.55.25:805][  0]LogConfig: Setting CVar [[r.BloomQuality:5]]
[2022.02.14-04.55.25:805][  0]LogConfig: Setting CVar [[r.FastBlurThreshold:100]]
[2022.02.14-04.55.25:805][  0]LogConfig: Setting CVar [[r.Upscale.Quality:3]]
[2022.02.14-04.55.25:805][  0]LogConfig: Setting CVar [[r.Tonemapper.GrainQuantization:1]]
[2022.02.14-04.55.25:805][  0]LogConfig: Setting CVar [[r.LightShaftQuality:1]]
[2022.02.14-04.55.25:805][  0]LogConfig: Setting CVar [[r.Filter.SizeScale:1]]
[2022.02.14-04.55.25:805][  0]LogConfig: Setting CVar [[r.Tonemapper.Quality:5]]
[2022.02.14-04.55.25:805][  0]LogConfig: Setting CVar [[r.DOF.Gather.AccumulatorQuality:1        ; higher gathering accumulator quality]]
[2022.02.14-04.55.25:805][  0]LogConfig: Setting CVar [[r.DOF.Gather.PostfilterMethod:1          ; Median3x3 postfilering method]]
[2022.02.14-04.55.25:805][  0]LogConfig: Setting CVar [[r.DOF.Gather.EnableBokehSettings:0       ; no bokeh simulation when gathering]]
[2022.02.14-04.55.25:805][  0]LogConfig: Setting CVar [[r.DOF.Gather.RingCount:4                 ; medium number of samples when gathering]]
[2022.02.14-04.55.25:805][  0]LogConfig: Setting CVar [[r.DOF.Scatter.ForegroundCompositing:1    ; additive foreground scattering]]
[2022.02.14-04.55.25:805][  0]LogConfig: Setting CVar [[r.DOF.Scatter.BackgroundCompositing:2    ; additive background scattering]]
[2022.02.14-04.55.25:805][  0]LogConfig: Setting CVar [[r.DOF.Scatter.EnableBokehSettings:1      ; bokeh simulation when scattering]]
[2022.02.14-04.55.25:805][  0]LogConfig: Setting CVar [[r.DOF.Scatter.MaxSpriteRatio:0.1         ; only a maximum of 10% of scattered bokeh]]
[2022.02.14-04.55.25:805][  0]LogConfig: Setting CVar [[r.DOF.Recombine.Quality:1                ; cheap slight out of focus]]
[2022.02.14-04.55.25:805][  0]LogConfig: Setting CVar [[r.DOF.Recombine.EnableBokehSettings:0    ; no bokeh simulation on slight out of focus]]
[2022.02.14-04.55.25:805][  0]LogConfig: Setting CVar [[r.DOF.TemporalAAQuality:1                ; more stable temporal accumulation]]
[2022.02.14-04.55.25:805][  0]LogConfig: Setting CVar [[r.DOF.Kernel.MaxForegroundRadius:0.025]]
[2022.02.14-04.55.25:805][  0]LogConfig: Setting CVar [[r.DOF.Kernel.MaxBackgroundRadius:0.025]]
[2022.02.14-04.55.25:805][  0]LogConfig: Applying CVar settings from Section [TextureQuality@3] File [C:/Users/Michael/Downloads/InfiniteMatrixCompleteProject/InfiniteMatrixComplete 4.27/Saved/Config/Windows/Scalability.ini]
[2022.02.14-04.55.25:805][  0]LogConfig: Setting CVar [[r.Streaming.MipBias:0]]
[2022.02.14-04.55.25:805][  0]LogConfig: Setting CVar [[r.Streaming.AmortizeCPUToGPUCopy:0]]
[2022.02.14-04.55.25:805][  0]LogConfig: Setting CVar [[r.Streaming.MaxNumTexturesToStreamPerFrame:0]]
[2022.02.14-04.55.25:805][  0]LogConfig: Setting CVar [[r.Streaming.Boost:1]]
[2022.02.14-04.55.25:805][  0]LogConfig: Setting CVar [[r.MaxAnisotropy:8]]
[2022.02.14-04.55.25:805][  0]LogConfig: Setting CVar [[r.VT.MaxAnisotropy:8]]
[2022.02.14-04.55.25:805][  0]LogConfig: Setting CVar [[r.Streaming.LimitPoolSizeToVRAM:0]]
[2022.02.14-04.55.25:805][  0]LogConfig: Setting CVar [[r.Streaming.PoolSize:1000]]
[2022.02.14-04.55.25:805][  0]LogConfig: Setting CVar [[r.Streaming.MaxEffectiveScreenSize:0]]
[2022.02.14-04.55.25:805][  0]LogConfig: Applying CVar settings from Section [EffectsQuality@3] File [C:/Users/Michael/Downloads/InfiniteMatrixCompleteProject/InfiniteMatrixComplete 4.27/Saved/Config/Windows/Scalability.ini]
[2022.02.14-04.55.25:805][  0]LogConfig: Setting CVar [[r.TranslucencyLightingVolumeDim:64]]
[2022.02.14-04.55.25:805][  0]LogConfig: Setting CVar [[r.RefractionQuality:2]]
[2022.02.14-04.55.25:805][  0]LogConfig: Setting CVar [[r.SSR.Quality:3]]
[2022.02.14-04.55.25:805][  0]LogConfig: Setting CVar [[r.SSR.HalfResSceneColor:0]]
[2022.02.14-04.55.25:805][  0]LogConfig: Setting CVar [[r.SceneColorFormat:4]]
[2022.02.14-04.55.25:805][  0]LogConfig: Setting CVar [[r.DetailMode:2]]
[2022.02.14-04.55.25:805][  0]LogConfig: Setting CVar [[r.TranslucencyVolumeBlur:1]]
[2022.02.14-04.55.25:805][  0]LogConfig: Setting CVar [[r.MaterialQualityLevel:1 ; High quality]]
[2022.02.14-04.55.25:805][  0]LogConfig: Setting CVar [[r.AnisotropicMaterials:1]]
[2022.02.14-04.55.25:805][  0]LogConfig: Setting CVar [[r.SSS.Scale:1]]
[2022.02.14-04.55.25:805][  0]LogConfig: Setting CVar [[r.SSS.SampleSet:2]]
[2022.02.14-04.55.25:805][  0]LogConfig: Setting CVar [[r.SSS.Quality:1]]
[2022.02.14-04.55.25:805][  0]LogConfig: Setting CVar [[r.SSS.HalfRes:0]]
[2022.02.14-04.55.25:805][  0]LogConfig: Setting CVar [[r.SSGI.Quality:3]]
[2022.02.14-04.55.25:805][  0]LogConfig: Setting CVar [[r.EmitterSpawnRateScale:1.0]]
[2022.02.14-04.55.25:805][  0]LogConfig: Setting CVar [[r.ParticleLightQuality:2]]
[2022.02.14-04.55.25:805][  0]LogConfig: Setting CVar [[r.SkyAtmosphere.AerialPerspectiveLUT.FastApplyOnOpaque:1 ; Always have FastSkyLUT 1 in this case to avoid wrong sky]]
[2022.02.14-04.55.25:805][  0]LogConfig: Setting CVar [[r.SkyAtmosphere.AerialPerspectiveLUT.SampleCountMaxPerSlice:4]]
[2022.02.14-04.55.25:805][  0]LogConfig: Setting CVar [[r.SkyAtmosphere.AerialPerspectiveLUT.DepthResolution:16.0]]
[2022.02.14-04.55.25:805][  0]LogConfig: Setting CVar [[r.SkyAtmosphere.FastSkyLUT:1]]
[2022.02.14-04.55.25:805][  0]LogConfig: Setting CVar [[r.SkyAtmosphere.FastSkyLUT.SampleCountMin:4.0]]
[2022.02.14-04.55.25:805][  0]LogConfig: Setting CVar [[r.SkyAtmosphere.FastSkyLUT.SampleCountMax:128.0]]
[2022.02.14-04.55.25:806][  0]LogConfig: Setting CVar [[r.SkyAtmosphere.SampleCountMin:4.0]]
[2022.02.14-04.55.25:806][  0]LogConfig: Setting CVar [[r.SkyAtmosphere.SampleCountMax:128.0]]
[2022.02.14-04.55.25:806][  0]LogConfig: Setting CVar [[r.SkyAtmosphere.TransmittanceLUT.UseSmallFormat:0]]
[2022.02.14-04.55.25:806][  0]LogConfig: Setting CVar [[r.SkyAtmosphere.TransmittanceLUT.SampleCount:10.0]]
[2022.02.14-04.55.25:806][  0]LogConfig: Setting CVar [[r.SkyAtmosphere.MultiScatteringLUT.SampleCount:15.0]]
[2022.02.14-04.55.25:806][  0]LogConfig: Setting CVar [[r.SkyLight.RealTimeReflectionCapture:1]]
[2022.02.14-04.55.25:806][  0]LogConfig: Applying CVar settings from Section [FoliageQuality@3] File [C:/Users/Michael/Downloads/InfiniteMatrixCompleteProject/InfiniteMatrixComplete 4.27/Saved/Config/Windows/Scalability.ini]
[2022.02.14-04.55.25:806][  0]LogConfig: Setting CVar [[foliage.DensityScale:1.0]]
[2022.02.14-04.55.25:806][  0]LogConfig: Setting CVar [[grass.DensityScale:1.0]]
[2022.02.14-04.55.25:806][  0]LogConfig: Applying CVar settings from Section [ShadingQuality@3] File [C:/Users/Michael/Downloads/InfiniteMatrixCompleteProject/InfiniteMatrixComplete 4.27/Saved/Config/Windows/Scalability.ini]
[2022.02.14-04.55.25:806][  0]LogConfig: Setting CVar [[r.HairStrands.SkyLighting.IntegrationType:2]]
[2022.02.14-04.55.25:806][  0]LogConfig: Setting CVar [[r.HairStrands.SkyAO.SampleCount:4]]
[2022.02.14-04.55.25:806][  0]LogConfig: Setting CVar [[r.HairStrands.Visibility.MSAA.SamplePerPixel:4]]
[2022.02.14-04.55.25:806][  0]LogInit: Selected Device Profile: [Windows]
[2022.02.14-04.55.25:806][  0]LogInit: Applying CVar settings loaded from the selected device profile: [Windows]
[2022.02.14-04.55.25:806][  0]LogHAL: Display: Platform has ~ 16 GB [17084497920 / 17179869184 / 16], which maps to Larger [LargestMinGB=32, LargerMinGB=12, DefaultMinGB=8, SmallerMinGB=6, SmallestMinGB=0)
[2022.02.14-04.55.25:806][  0]LogInit: Going up to parent DeviceProfile []
[2022.02.14-04.55.25:806][  0]LogConfig: Applying CVar settings from Section [ViewDistanceQuality@3] File [C:/Users/Michael/Downloads/InfiniteMatrixCompleteProject/InfiniteMatrixComplete 4.27/Saved/Config/Windows/Scalability.ini]
[2022.02.14-04.55.25:806][  0]LogConfig: Setting CVar [[r.SkeletalMeshLODBias:0]]
[2022.02.14-04.55.25:806][  0]LogConfig: Setting CVar [[r.ViewDistanceScale:1.0]]
[2022.02.14-04.55.25:806][  0]LogConfig: Applying CVar settings from Section [AntiAliasingQuality@3] File [C:/Users/Michael/Downloads/InfiniteMatrixCompleteProject/InfiniteMatrixComplete 4.27/Saved/Config/Windows/Scalability.ini]
[2022.02.14-04.55.25:806][  0]LogConfig: Setting CVar [[r.PostProcessAAQuality:4]]
[2022.02.14-04.55.25:806][  0]LogConfig: Applying CVar settings from Section [ShadowQuality@3] File [C:/Users/Michael/Downloads/InfiniteMatrixCompleteProject/InfiniteMatrixComplete 4.27/Saved/Config/Windows/Scalability.ini]
[2022.02.14-04.55.25:806][  0]LogConfig: Setting CVar [[r.LightFunctionQuality:1]]
[2022.02.14-04.55.25:806][  0]LogConfig: Setting CVar [[r.ShadowQuality:5]]
[2022.02.14-04.55.25:806][  0]LogConfig: Setting CVar [[r.Shadow.CSM.MaxCascades:10]]
[2022.02.14-04.55.25:806][  0]LogConfig: Setting CVar [[r.Shadow.MaxResolution:2048]]
[2022.02.14-04.55.25:806][  0]LogConfig: Setting CVar [[r.Shadow.MaxCSMResolution:2048]]
[2022.02.14-04.55.25:806][  0]LogConfig: Setting CVar [[r.Shadow.RadiusThreshold:0.01]]
[2022.02.14-04.55.25:806][  0]LogConfig: Setting CVar [[r.Shadow.DistanceScale:1.0]]
[2022.02.14-04.55.25:806][  0]LogConfig: Setting CVar [[r.Shadow.CSM.TransitionScale:1.0]]
[2022.02.14-04.55.25:806][  0]LogConfig: Setting CVar [[r.Shadow.PreShadowResolutionFactor:1.0]]
[2022.02.14-04.55.25:806][  0]LogConfig: Setting CVar [[r.DistanceFieldShadowing:1]]
[2022.02.14-04.55.25:806][  0]LogConfig: Setting CVar [[r.DistanceFieldAO:1]]
[2022.02.14-04.55.25:806][  0]LogConfig: Setting CVar [[r.AOQuality:2]]
[2022.02.14-04.55.25:806][  0]LogConfig: Setting CVar [[r.VolumetricFog:1]]
[2022.02.14-04.55.25:806][  0]LogConfig: Setting CVar [[r.VolumetricFog.GridPixelSize:8]]
[2022.02.14-04.55.25:806][  0]LogConfig: Setting CVar [[r.VolumetricFog.GridSizeZ:128]]
[2022.02.14-04.55.25:806][  0]LogConfig: Setting CVar [[r.VolumetricFog.HistoryMissSupersampleCount:4]]
[2022.02.14-04.55.25:806][  0]LogConfig: Setting CVar [[r.LightMaxDrawDistanceScale:1]]
[2022.02.14-04.55.25:806][  0]LogConfig: Setting CVar [[r.CapsuleShadows:1]]
[2022.02.14-04.55.25:806][  0]LogConfig: Applying CVar settings from Section [PostProcessQuality@3] File [C:/Users/Michael/Downloads/InfiniteMatrixCompleteProject/InfiniteMatrixComplete 4.27/Saved/Config/Windows/Scalability.ini]
[2022.02.14-04.55.25:806][  0]LogConfig: Setting CVar [[r.MotionBlurQuality:4]]
[2022.02.14-04.55.25:806][  0]LogConfig: Setting CVar [[r.AmbientOcclusionMipLevelFactor:0.4]]
[2022.02.14-04.55.25:806][  0]LogConfig: Setting CVar [[r.AmbientOcclusionMaxQuality:100]]
[2022.02.14-04.55.25:806][  0]LogConfig: Setting CVar [[r.AmbientOcclusionLevels:-1]]
[2022.02.14-04.55.25:806][  0]LogConfig: Setting CVar [[r.AmbientOcclusionRadiusScale:1.0]]
[2022.02.14-04.55.25:806][  0]LogConfig: Setting CVar [[r.DepthOfFieldQuality:2]]
[2022.02.14-04.55.25:806][  0]LogConfig: Setting CVar [[r.RenderTargetPoolMin:400]]
[2022.02.14-04.55.25:806][  0]LogConfig: Setting CVar [[r.LensFlareQuality:2]]
[2022.02.14-04.55.25:806][  0]LogConfig: Setting CVar [[r.SceneColorFringeQuality:1]]
[2022.02.14-04.55.25:806][  0]LogConfig: Setting CVar [[r.EyeAdaptationQuality:2]]
[2022.02.14-04.55.25:806][  0]LogConfig: Setting CVar [[r.BloomQuality:5]]
[2022.02.14-04.55.25:806][  0]LogConfig: Setting CVar [[r.FastBlurThreshold:100]]
[2022.02.14-04.55.25:806][  0]LogConfig: Setting CVar [[r.Upscale.Quality:3]]
[2022.02.14-04.55.25:806][  0]LogConfig: Setting CVar [[r.Tonemapper.GrainQuantization:1]]
[2022.02.14-04.55.25:806][  0]LogConfig: Setting CVar [[r.LightShaftQuality:1]]
[2022.02.14-04.55.25:806][  0]LogConfig: Setting CVar [[r.Filter.SizeScale:1]]
[2022.02.14-04.55.25:806][  0]LogConfig: Setting CVar [[r.Tonemapper.Quality:5]]
[2022.02.14-04.55.25:806][  0]LogConfig: Setting CVar [[r.DOF.Gather.AccumulatorQuality:1        ; higher gathering accumulator quality]]
[2022.02.14-04.55.25:806][  0]LogConfig: Setting CVar [[r.DOF.Gather.PostfilterMethod:1          ; Median3x3 postfilering method]]
[2022.02.14-04.55.25:806][  0]LogConfig: Setting CVar [[r.DOF.Gather.EnableBokehSettings:0       ; no bokeh simulation when gathering]]
[2022.02.14-04.55.25:806][  0]LogConfig: Setting CVar [[r.DOF.Gather.RingCount:4                 ; medium number of samples when gathering]]
[2022.02.14-04.55.25:806][  0]LogConfig: Setting CVar [[r.DOF.Scatter.ForegroundCompositing:1    ; additive foreground scattering]]
[2022.02.14-04.55.25:806][  0]LogConfig: Setting CVar [[r.DOF.Scatter.BackgroundCompositing:2    ; additive background scattering]]
[2022.02.14-04.55.25:806][  0]LogConfig: Setting CVar [[r.DOF.Scatter.EnableBokehSettings:1      ; bokeh simulation when scattering]]
[2022.02.14-04.55.25:806][  0]LogConfig: Setting CVar [[r.DOF.Scatter.MaxSpriteRatio:0.1         ; only a maximum of 10% of scattered bokeh]]
[2022.02.14-04.55.25:806][  0]LogConfig: Setting CVar [[r.DOF.Recombine.Quality:1                ; cheap slight out of focus]]
[2022.02.14-04.55.25:806][  0]LogConfig: Setting CVar [[r.DOF.Recombine.EnableBokehSettings:0    ; no bokeh simulation on slight out of focus]]
[2022.02.14-04.55.25:806][  0]LogConfig: Setting CVar [[r.DOF.TemporalAAQuality:1                ; more stable temporal accumulation]]
[2022.02.14-04.55.25:806][  0]LogConfig: Setting CVar [[r.DOF.Kernel.MaxForegroundRadius:0.025]]
[2022.02.14-04.55.25:806][  0]LogConfig: Setting CVar [[r.DOF.Kernel.MaxBackgroundRadius:0.025]]
[2022.02.14-04.55.25:806][  0]LogConfig: Applying CVar settings from Section [TextureQuality@3] File [C:/Users/Michael/Downloads/InfiniteMatrixCompleteProject/InfiniteMatrixComplete 4.27/Saved/Config/Windows/Scalability.ini]
[2022.02.14-04.55.25:806][  0]LogConfig: Setting CVar [[r.Streaming.MipBias:0]]
[2022.02.14-04.55.25:806][  0]LogConfig: Setting CVar [[r.Streaming.AmortizeCPUToGPUCopy:0]]
[2022.02.14-04.55.25:806][  0]LogConfig: Setting CVar [[r.Streaming.MaxNumTexturesToStreamPerFrame:0]]
[2022.02.14-04.55.25:806][  0]LogConfig: Setting CVar [[r.Streaming.Boost:1]]
[2022.02.14-04.55.25:806][  0]LogConfig: Setting CVar [[r.MaxAnisotropy:8]]
[2022.02.14-04.55.25:806][  0]LogConfig: Setting CVar [[r.VT.MaxAnisotropy:8]]
[2022.02.14-04.55.25:806][  0]LogConfig: Setting CVar [[r.Streaming.LimitPoolSizeToVRAM:0]]
[2022.02.14-04.55.25:806][  0]LogConfig: Setting CVar [[r.Streaming.PoolSize:1000]]
[2022.02.14-04.55.25:806][  0]LogConfig: Setting CVar [[r.Streaming.MaxEffectiveScreenSize:0]]
[2022.02.14-04.55.25:806][  0]LogConfig: Applying CVar settings from Section [EffectsQuality@3] File [C:/Users/Michael/Downloads/InfiniteMatrixCompleteProject/InfiniteMatrixComplete 4.27/Saved/Config/Windows/Scalability.ini]
[2022.02.14-04.55.25:806][  0]LogConfig: Setting CVar [[r.TranslucencyLightingVolumeDim:64]]
[2022.02.14-04.55.25:806][  0]LogConfig: Setting CVar [[r.RefractionQuality:2]]
[2022.02.14-04.55.25:806][  0]LogConfig: Setting CVar [[r.SSR.Quality:3]]
[2022.02.14-04.55.25:806][  0]LogConfig: Setting CVar [[r.SSR.HalfResSceneColor:0]]
[2022.02.14-04.55.25:806][  0]LogConfig: Setting CVar [[r.SceneColorFormat:4]]
[2022.02.14-04.55.25:806][  0]LogConfig: Setting CVar [[r.DetailMode:2]]
[2022.02.14-04.55.25:806][  0]LogConfig: Setting CVar [[r.TranslucencyVolumeBlur:1]]
[2022.02.14-04.55.25:806][  0]LogConfig: Setting CVar [[r.MaterialQualityLevel:1 ; High quality]]
[2022.02.14-04.55.25:806][  0]LogConfig: Setting CVar [[r.AnisotropicMaterials:1]]
[2022.02.14-04.55.25:806][  0]LogConfig: Setting CVar [[r.SSS.Scale:1]]
[2022.02.14-04.55.25:806][  0]LogConfig: Setting CVar [[r.SSS.SampleSet:2]]
[2022.02.14-04.55.25:806][  0]LogConfig: Setting CVar [[r.SSS.Quality:1]]
[2022.02.14-04.55.25:806][  0]LogConfig: Setting CVar [[r.SSS.HalfRes:0]]
[2022.02.14-04.55.25:806][  0]LogConfig: Setting CVar [[r.SSGI.Quality:3]]
[2022.02.14-04.55.25:806][  0]LogConfig: Setting CVar [[r.EmitterSpawnRateScale:1.0]]
[2022.02.14-04.55.25:806][  0]LogConfig: Setting CVar [[r.ParticleLightQuality:2]]
[2022.02.14-04.55.25:806][  0]LogConfig: Setting CVar [[r.SkyAtmosphere.AerialPerspectiveLUT.FastApplyOnOpaque:1 ; Always have FastSkyLUT 1 in this case to avoid wrong sky]]
[2022.02.14-04.55.25:806][  0]LogConfig: Setting CVar [[r.SkyAtmosphere.AerialPerspectiveLUT.SampleCountMaxPerSlice:4]]
[2022.02.14-04.55.25:806][  0]LogConfig: Setting CVar [[r.SkyAtmosphere.AerialPerspectiveLUT.DepthResolution:16.0]]
[2022.02.14-04.55.25:806][  0]LogConfig: Setting CVar [[r.SkyAtmosphere.FastSkyLUT:1]]
[2022.02.14-04.55.25:806][  0]LogConfig: Setting CVar [[r.SkyAtmosphere.FastSkyLUT.SampleCountMin:4.0]]
[2022.02.14-04.55.25:806][  0]LogConfig: Setting CVar [[r.SkyAtmosphere.FastSkyLUT.SampleCountMax:128.0]]
[2022.02.14-04.55.25:806][  0]LogConfig: Setting CVar [[r.SkyAtmosphere.SampleCountMin:4.0]]
[2022.02.14-04.55.25:806][  0]LogConfig: Setting CVar [[r.SkyAtmosphere.SampleCountMax:128.0]]
[2022.02.14-04.55.25:806][  0]LogConfig: Setting CVar [[r.SkyAtmosphere.TransmittanceLUT.UseSmallFormat:0]]
[2022.02.14-04.55.25:806][  0]LogConfig: Setting CVar [[r.SkyAtmosphere.TransmittanceLUT.SampleCount:10.0]]
[2022.02.14-04.55.25:806][  0]LogConfig: Setting CVar [[r.SkyAtmosphere.MultiScatteringLUT.SampleCount:15.0]]
[2022.02.14-04.55.25:806][  0]LogConfig: Setting CVar [[r.SkyLight.RealTimeReflectionCapture:1]]
[2022.02.14-04.55.25:806][  0]LogConfig: Applying CVar settings from Section [FoliageQuality@3] File [C:/Users/Michael/Downloads/InfiniteMatrixCompleteProject/InfiniteMatrixComplete 4.27/Saved/Config/Windows/Scalability.ini]
[2022.02.14-04.55.25:806][  0]LogConfig: Setting CVar [[foliage.DensityScale:1.0]]
[2022.02.14-04.55.25:806][  0]LogConfig: Setting CVar [[grass.DensityScale:1.0]]
[2022.02.14-04.55.25:806][  0]LogConfig: Applying CVar settings from Section [ShadingQuality@3] File [C:/Users/Michael/Downloads/InfiniteMatrixCompleteProject/InfiniteMatrixComplete 4.27/Saved/Config/Windows/Scalability.ini]
[2022.02.14-04.55.25:806][  0]LogConfig: Setting CVar [[r.HairStrands.SkyLighting.IntegrationType:2]]
[2022.02.14-04.55.25:806][  0]LogConfig: Setting CVar [[r.HairStrands.SkyAO.SampleCount:4]]
[2022.02.14-04.55.25:806][  0]LogConfig: Setting CVar [[r.HairStrands.Visibility.MSAA.SamplePerPixel:4]]
[2022.02.14-04.55.25:806][  0]LogConfig: Applying CVar settings from Section [Startup] File [../../../Engine/Config/ConsoleVariables.ini]
[2022.02.14-04.55.25:807][  0]LogConfig: Setting CVar [[net.UseAdaptiveNetUpdateFrequency:0]]
[2022.02.14-04.55.25:807][  0]LogConfig: Setting CVar [[p.chaos.AllowCreatePhysxBodies:1]]
[2022.02.14-04.55.25:807][  0]LogConfig: Setting CVar [[fx.SkipVectorVMBackendOptimizations:1]]
[2022.02.14-04.55.25:807][  0]LogConfig: Applying CVar settings from Section [ConsoleVariables] File [C:/Users/Michael/Downloads/InfiniteMatrixCompleteProject/InfiniteMatrixComplete 4.27/Saved/Config/Windows/Engine.ini]
[2022.02.14-04.55.25:807][  0]LogConfig: Applying CVar settings from Section [ConsoleVariables] File [C:/Users/Michael/Downloads/InfiniteMatrixCompleteProject/InfiniteMatrixComplete 4.27/Saved/Config/Windows/Editor.ini]
[2022.02.14-04.55.25:807][  0]LogInit: Computer: DESKTOP-0V00JNC
[2022.02.14-04.55.25:807][  0]LogInit: User: Michael
[2022.02.14-04.55.25:807][  0]LogInit: CPU Page size=4096, Cores=8
[2022.02.14-04.55.25:807][  0]LogInit: High frequency timer resolution =10.000000 MHz
[2022.02.14-04.55.25:807][  0]LogMemory: Memory total: Physical=15.9GB (16GB approx)
[2022.02.14-04.55.25:807][  0]LogMemory: Platform Memory Stats for Windows
[2022.02.14-04.55.25:807][  0]LogMemory: Process Physical Memory: 151.27 MB used, 151.28 MB peak
[2022.02.14-04.55.25:807][  0]LogMemory: Process Virtual Memory: 127.10 MB used, 127.10 MB peak
[2022.02.14-04.55.25:807][  0]LogMemory: Physical Memory: 9356.62 MB used,  6936.42 MB free, 16293.05 MB total
[2022.02.14-04.55.25:807][  0]LogMemory: Virtual Memory: 134204104.00 MB used,  13627.54 MB free, 134217728.00 MB total
[2022.02.14-04.55.25:810][  0]LogWindows: WindowsPlatformFeatures enabled
[2022.02.14-04.55.25:834][  0]LogInit: Physics initialised using underlying interface: PhysX
[2022.02.14-04.55.25:834][  0]LogInit: Using OS detected language (en-US).
[2022.02.14-04.55.25:834][  0]LogInit: Using OS detected locale (en-US).
[2022.02.14-04.55.25:836][  0]LogTextLocalizationManager: No specific localization for 'en-US' exists, so the 'en' localization will be used.
[2022.02.14-04.55.25:959][  0]LogInit: Setting process to per monitor DPI aware
[2022.02.14-04.55.25:968][  0]LogWindowsTextInputMethodSystem: Display: IME system deactivated.
[2022.02.14-04.55.25:978][  0]LogSlate: New Slate User Created.  User Index 0, Is Virtual User: 0
[2022.02.14-04.55.25:978][  0]LogSlate: Slate User Registered.  User Index 0, Is Virtual User: 0
[2022.02.14-04.55.26:072][  0]LogD3D11RHI: Loaded GFSDK_Aftermath_Lib.x64.dll
[2022.02.14-04.55.26:073][  0]LogHMD: Failed to initialize OpenVR with code 110
[2022.02.14-04.55.26:073][  0]LogD3D11RHI: D3D11 min allowed feature level: 11_0
[2022.02.14-04.55.26:073][  0]LogD3D11RHI: D3D11 max allowed feature level: 11_0
[2022.02.14-04.55.26:073][  0]LogD3D11RHI: D3D11 adapters:
[2022.02.14-04.55.26:166][  0]LogD3D11RHI:    0. 'NVIDIA GeForce RTX 3080 Ti' (Feature Level 11_0)
[2022.02.14-04.55.26:166][  0]LogD3D11RHI:       12108/0/8146 MB DedicatedVideo/DedicatedSystem/SharedSystem, Outputs:2, VendorId:0x10de
[2022.02.14-04.55.26:168][  0]LogD3D11RHI:    1. 'Microsoft Basic Render Driver' (Feature Level 11_0)
[2022.02.14-04.55.26:168][  0]LogD3D11RHI:       0/0/8146 MB DedicatedVideo/DedicatedSystem/SharedSystem, Outputs:0, VendorId:0x1414
[2022.02.14-04.55.26:168][  0]LogD3D11RHI: Chosen D3D11 Adapter:
[2022.02.14-04.55.26:168][  0]LogD3D11RHI:     Description : NVIDIA GeForce RTX 3080 Ti
[2022.02.14-04.55.26:168][  0]LogD3D11RHI:     VendorId    : 10de
[2022.02.14-04.55.26:168][  0]LogD3D11RHI:     DeviceId    : 2208
[2022.02.14-04.55.26:168][  0]LogD3D11RHI:     SubSysId    : 153510de
[2022.02.14-04.55.26:168][  0]LogD3D11RHI:     Revision    : 00a1
[2022.02.14-04.55.26:168][  0]LogD3D11RHI:     DedicatedVideoMemory : 12696158208 bytes
[2022.02.14-04.55.26:168][  0]LogD3D11RHI:     DedicatedSystemMemory : 0 bytes
[2022.02.14-04.55.26:168][  0]LogD3D11RHI:     SharedSystemMemory : 8542248960 bytes
[2022.02.14-04.55.26:168][  0]LogD3D11RHI:     AdapterLuid : 0 50115
[2022.02.14-04.55.26:175][  0]LogD3D11RHI: Creating new Direct3DDevice
[2022.02.14-04.55.26:175][  0]LogD3D11RHI:     GPU DeviceId: 0x2208 (for the marketing name, search the web for "GPU Device Id")
[2022.02.14-04.55.26:175][  0]LogWindows: EnumDisplayDevices:
[2022.02.14-04.55.26:175][  0]LogWindows:    0. 'NVIDIA GeForce RTX 3080 Ti' (P:1 D:1)
[2022.02.14-04.55.26:175][  0]LogWindows:    1. 'NVIDIA GeForce RTX 3080 Ti' (P:0 D:1)
[2022.02.14-04.55.26:175][  0]LogWindows:    2. 'NVIDIA GeForce RTX 3080 Ti' (P:0 D:0)
[2022.02.14-04.55.26:175][  0]LogWindows:    3. 'NVIDIA GeForce RTX 3080 Ti' (P:0 D:0)
[2022.02.14-04.55.26:175][  0]LogWindows: DebugString: FoundDriverCount:4 
[2022.02.14-04.55.26:175][  0]LogD3D11RHI:     Adapter Name: NVIDIA GeForce RTX 3080 Ti
[2022.02.14-04.55.26:175][  0]LogD3D11RHI:   Driver Version: 471.41 (internal:30.0.14.7141, unified:471.41)
[2022.02.14-04.55.26:175][  0]LogD3D11RHI:      Driver Date: 7-12-2021
[2022.02.14-04.55.26:175][  0]LogRHI: Texture pool is 8475 MB (70% of 12108 MB)
[2022.02.14-04.55.26:175][  0]LogD3D11RHI: Creating D3DDevice using adapter:
[2022.02.14-04.55.26:175][  0]LogD3D11RHI:     Description : NVIDIA GeForce RTX 3080 Ti
[2022.02.14-04.55.26:175][  0]LogD3D11RHI:     VendorId    : 10de
[2022.02.14-04.55.26:175][  0]LogD3D11RHI:     DeviceId    : 2208
[2022.02.14-04.55.26:175][  0]LogD3D11RHI:     SubSysId    : 153510de
[2022.02.14-04.55.26:175][  0]LogD3D11RHI:     Revision    : 00a1
[2022.02.14-04.55.26:175][  0]LogD3D11RHI:     DedicatedVideoMemory : 12696158208 bytes
[2022.02.14-04.55.26:175][  0]LogD3D11RHI:     DedicatedSystemMemory : 0 bytes
[2022.02.14-04.55.26:175][  0]LogD3D11RHI:     SharedSystemMemory : 8542248960 bytes
[2022.02.14-04.55.26:175][  0]LogD3D11RHI:     AdapterLuid : 0 50115
[2022.02.14-04.55.26:238][  0]LogD3D11RHI: RHI has support for 64 bit atomics
[2022.02.14-04.55.26:238][  0]LogD3D11RHI: Async texture creation enabled
[2022.02.14-04.55.26:238][  0]LogD3D11RHI: Array index from any shader is supported
[2022.02.14-04.55.26:239][  0]LogD3D11RHI: HDR output is supported on display 1 (NvId: 0x80061083).
[2022.02.14-04.55.26:273][  0]LogD3D11RHI: GPU Timing Frequency: 1000.000000 (Debug: 2 2)
[2022.02.14-04.55.26:291][  0]LogRHI: GeForceNow SDK initialized: 1
[2022.02.14-04.55.26:472][  0]LogTargetPlatformManager: Display: Loaded TargetPlatform 'AllDesktop'
[2022.02.14-04.55.26:488][  0]LogTargetPlatformManager: Display: Loaded TargetPlatform 'Android'
[2022.02.14-04.55.26:488][  0]LogTargetPlatformManager: Display: Loaded TargetPlatform 'Android_ASTC'
[2022.02.14-04.55.26:488][  0]LogTargetPlatformManager: Display: Loaded TargetPlatform 'Android_DXT'
[2022.02.14-04.55.26:488][  0]LogTargetPlatformManager: Display: Loaded TargetPlatform 'Android_ETC2'
[2022.02.14-04.55.26:488][  0]LogTargetPlatformManager: Display: Loaded TargetPlatform 'AndroidClient'
[2022.02.14-04.55.26:488][  0]LogTargetPlatformManager: Display: Loaded TargetPlatform 'Android_ASTCClient'
[2022.02.14-04.55.26:488][  0]LogTargetPlatformManager: Display: Loaded TargetPlatform 'Android_DXTClient'
[2022.02.14-04.55.26:488][  0]LogTargetPlatformManager: Display: Loaded TargetPlatform 'Android_ETC2Client'
[2022.02.14-04.55.26:488][  0]LogTargetPlatformManager: Display: Loaded TargetPlatform 'Android_Multi'
[2022.02.14-04.55.26:488][  0]LogTargetPlatformManager: Display: Loaded TargetPlatform 'Android_MultiClient'
[2022.02.14-04.55.26:500][  0]LogTargetPlatformManager: Display: Loaded TargetPlatform 'IOSClient'
[2022.02.14-04.55.26:500][  0]LogTargetPlatformManager: Display: Loaded TargetPlatform 'IOS'
[2022.02.14-04.55.26:507][  0]LogTargetPlatformManager: Display: Loaded TargetPlatform 'Linux'
[2022.02.14-04.55.26:510][  0]LogTargetPlatformManager: Display: Loaded TargetPlatform 'LinuxNoEditor'
[2022.02.14-04.55.26:513][  0]LogTargetPlatformManager: Display: Loaded TargetPlatform 'LinuxClient'
[2022.02.14-04.55.26:516][  0]LogTargetPlatformManager: Display: Loaded TargetPlatform 'LinuxServer'
[2022.02.14-04.55.26:522][  0]LogTargetPlatformManager: Display: Loaded TargetPlatform 'LinuxAArch64NoEditor'
[2022.02.14-04.55.26:525][  0]LogTargetPlatformManager: Display: Loaded TargetPlatform 'LinuxAArch64Client'
[2022.02.14-04.55.26:528][  0]LogTargetPlatformManager: Display: Loaded TargetPlatform 'LinuxAArch64Server'
[2022.02.14-04.55.26:544][  0]LogTargetPlatformManager: Display: Loaded TargetPlatform 'Lumin'
[2022.02.14-04.55.26:544][  0]LogTargetPlatformManager: Display: Loaded TargetPlatform 'LuminClient'
[2022.02.14-04.55.26:549][  0]LogTargetPlatformManager: Display: Loaded TargetPlatform 'MacNoEditor'
[2022.02.14-04.55.26:552][  0]LogTargetPlatformManager: Display: Loaded TargetPlatform 'Mac'
[2022.02.14-04.55.26:554][  0]LogTargetPlatformManager: Display: Loaded TargetPlatform 'MacClient'
[2022.02.14-04.55.26:557][  0]LogTargetPlatformManager: Display: Loaded TargetPlatform 'MacServer'
[2022.02.14-04.55.26:565][  0]LogTargetPlatformManager: Display: Loaded TargetPlatform 'TVOSClient'
[2022.02.14-04.55.26:565][  0]LogTargetPlatformManager: Display: Loaded TargetPlatform 'TVOS'
[2022.02.14-04.55.26:571][  0]LogTargetPlatformManager: Display: Loaded TargetPlatform 'WindowsNoEditor'
[2022.02.14-04.55.26:574][  0]LogTargetPlatformManager: Display: Loaded TargetPlatform 'Windows'
[2022.02.14-04.55.26:577][  0]LogTargetPlatformManager: Display: Loaded TargetPlatform 'WindowsClient'
[2022.02.14-04.55.26:580][  0]LogTargetPlatformManager: Display: Loaded TargetPlatform 'WindowsServer'
[2022.02.14-04.55.26:580][  0]LogTargetPlatformManager: Display: Building Assets For Windows
[2022.02.14-04.55.26:585][  0]LogAudioDebug: Display: Lib vorbis DLL was dynamically loaded.
[2022.02.14-04.55.26:605][  0]LogTextureFormatOodle: Display: Oodle Texture 2.9.0 init RDO Off
[2022.02.14-04.55.26:624][  0]LogRendererCore: Ray tracing is disabled. Reason: r.RayTracing=0.
[2022.02.14-04.55.26:624][  0]LogShaderCompilers: Guid format shader working directory is -51 characters bigger than the processId version (../../../../../../Users/Michael/Downloads/InfiniteMatrixCompleteProject/InfiniteMatrixComplete 4.27/Intermediate/Shaders/WorkingDirectory/7032/).
[2022.02.14-04.55.26:624][  0]LogShaderCompilers: Cleaned the shader compiler working directory 'C:/Users/Michael/AppData/Local/Temp/UnrealShaderWorkingDir/862B112C4E0B6112E418BFBCAB405E44/'.
[2022.02.14-04.55.26:624][  0]LogXGEController: Cannot use XGE Controller as Incredibuild is not installed on this machine.
[2022.02.14-04.55.26:625][  0]LogShaderCompilers: Cannot use XGE Shader Compiler as Incredibuild is not installed on this machine.
[2022.02.14-04.55.26:625][  0]LogShaderCompilers: Display: Using Local Shader Compiler.
[2022.02.14-04.55.27:148][  0]LogDerivedDataCache: Display: Max Cache Size: 512 MB
[2022.02.14-04.55.27:187][  0]LogDerivedDataCache: Loaded boot cache 0.04s 94MB C:/Users/Michael/AppData/Local/UnrealEngine/4.27/DerivedDataCache/Boot.ddc.
[2022.02.14-04.55.27:187][  0]LogDerivedDataCache: Display: Loaded Boot cache: C:/Users/Michael/AppData/Local/UnrealEngine/4.27/DerivedDataCache/Boot.ddc
[2022.02.14-04.55.27:187][  0]LogDerivedDataCache: FDerivedDataBackendGraph:  Pak pak cache file ../../../../../../Users/Michael/Downloads/InfiniteMatrixCompleteProject/InfiniteMatrixComplete 4.27/DerivedDataCache/DDC.ddp not found, will not use a pak cache.
[2022.02.14-04.55.27:187][  0]LogDerivedDataCache: Unable to find inner node Pak for hierarchical cache Hierarchy.
[2022.02.14-04.55.27:187][  0]LogDerivedDataCache: FDerivedDataBackendGraph:  CompressedPak pak cache file ../../../../../../Users/Michael/Downloads/InfiniteMatrixCompleteProject/InfiniteMatrixComplete 4.27/DerivedDataCache/Compressed.ddp not found, will not use a pak cache.
[2022.02.14-04.55.27:187][  0]LogDerivedDataCache: Unable to find inner node CompressedPak for hierarchical cache Hierarchy.
[2022.02.14-04.55.27:200][  0]LogDerivedDataCache: Display: Pak cache opened for reading ../../../Engine/DerivedDataCache/Compressed.ddp.
[2022.02.14-04.55.27:200][  0]LogDerivedDataCache: FDerivedDataBackendGraph:  EnterprisePak pak cache file ../../../Enterprise/DerivedDataCache/Compressed.ddp not found, will not use a pak cache.
[2022.02.14-04.55.27:200][  0]LogDerivedDataCache: Unable to find inner node EnterprisePak for hierarchical cache Hierarchy.
[2022.02.14-04.55.27:205][  0]LogDerivedDataCache: Speed tests for C:/Users/Michael/AppData/Local/UnrealEngine/Common/DerivedDataCache took 0.00 seconds
[2022.02.14-04.55.27:205][  0]LogDerivedDataCache: Display: Performance to C:/Users/Michael/AppData/Local/UnrealEngine/Common/DerivedDataCache: Latency=0.02ms. RandomReadSpeed=1813.67MBs, RandomWriteSpeed=232.14MBs. Assigned SpeedClass 'Local'
[2022.02.14-04.55.27:206][  0]LogDerivedDataCache: Using Local data cache path C:/Users/Michael/AppData/Local/UnrealEngine/Common/DerivedDataCache: Writable
[2022.02.14-04.55.27:206][  0]LogDerivedDataCache: Shared data cache path not found in *engine.ini, will not use an Shared cache.
[2022.02.14-04.55.27:206][  0]LogDerivedDataCache: Unable to find inner node Shared for hierarchical cache Hierarchy.
[2022.02.14-04.55.27:241][  0]LogSlate: Using FreeType 2.10.0
[2022.02.14-04.55.27:242][  0]LogSlate: SlateFontServices - WITH_FREETYPE: 1, WITH_HARFBUZZ: 1
[2022.02.14-04.55.27:257][  0]LogAssetRegistry: FAssetRegistry took 0.0020 seconds to start up
[2022.02.14-04.55.27:426][  0]LogInit: Selected Device Profile: [Windows]
[2022.02.14-04.55.27:426][  0]LogInit: Active device profile: [00000268217BB800][00000268227A1380 49] Windows
[2022.02.14-04.55.27:426][  0]LogInit: Profiles: [00000268217BB800][00000268227A1380 49] Windows, [0000026822764B00][00000268227A9640 49] WindowsNoEditor, [00000268217B8A00][00000268227AD900 49] WindowsServer, [0000026822767800][00000268227B5BC0 49] WindowsClient, [00000268217BBF00][0000026822828300 49] IOS, [0000026822764C00][000002682282C5C0 49] iPadAir, [00000268217B8300][000002682284C880 49] iPadAir2, [0000026822464A00][00000268228E2D80 49] IPadPro, [0000026822464B00][00000268228B6DC0 49] iPadAir3, [00000268217BB400][00000268228DF080 49] iPadAir4, [0000026822467C00][00000268228DB340 49] iPadMini2, [00000268217B8B00][00000268228E7600 49] iPadMini3, [0000026822465700][00000268228EB8C0 49] iPadMini4, [00000268217BB100][00000268228EFB80 49] iPadMini5, [0000026822767200][0000026822902540 49] iPhone6, [0000026822457F00][00000268228F2580 49] iPodTouch6, [0000026822767600][0000026822912AC0 49] iPhone7, [0000026822467900][00000268228FAB00 49] iPodTouch7, [0000026822454C00][00000268227A4D80 49] iPhone5S, [0000026822467400][00000268228FF000 49] iPhone6Plus, [0000026822457600][000002682290F2C0 49] iPhone6S, [0000026822467F00][0000026817ABD580 49] iPhone6SPlus, [0000026822454E00][0000026817AD9840 49] iPhone7Plus, [0000026822467000][0000026817ADDB00 49] iPhoneSE, [0000026822457200][0000026817AE0240 49] iPhone8, [0000026822465500][0000026817AE4500 49] iPhone8Plus, [0000026822455400][0000026817AEC7C0 49] iPhoneX, [0000026822466A00][0000026817AF4A80 49] iPhoneXS, [0000026822456E00][0000026817AF8D40 49] iPhoneXSMax, [0000026822465100][00000268228F6FC0 49] iPhoneXR, [0000026822455800][0000026817B27240 49] iPhone11, [0000026822466700][0000026822B3D500 49] iPhone11Pro, [0000026822456A00][0000026822B737C0 49] iPhone11ProMax, [0000026822464D00][0000026822B8DA80 49] iPhoneSE2, [0000026822457400][0000026822B901C0 49] iPhone12Mini, [0000026822466300][0000026822B94480 49] iPhone12, [0000026822455100][0000026822B98740 49] iPhone12Pro, [0000026822465800][0000026822B9CA00 49] iPhone12ProMax, [0000026822455D00][00000268229A8CC0 49] iPadPro105, [0000026822467E00][00000268229ACF80 49] iPadPro129, [0000026822454700][00000268237CD200 49] iPadPro97, [0000026822467500][00000268229B1480 49] iPadPro2_129, [0000026822455F00][000002681F261740 49] iPad5, [0000026822467B00][000002681F265A00 49] iPad6, [0000026822456500][0000026822808140 49] iPad7, [0000026822466B00][0000026822810400 49] iPad8, [0000026822456200][00000268228206C0 49] iPadPro11, [0000026822464F00][0000026822B1A980 49] iPadPro2_11, [0000026822455E00][0000026822B1EC40 49] iPadPro3_129, [0000026822465E00][0000026822B22F00 49] iPadPro4_129, [0000026822454F00][0000026822B271C0 49] AppleTV, [0000026822465600][00000268229B5440 49] AppleTV4K, [0000026822455600][0000026822B396C0 49] TVOS, [0000026822466800][0000026823507980 49] Mac, [0000026822457D00][000002682350A0C0 49] MacClient, [0000026822464300][000002682350E380 49] MacNoEditor, [0000026822454500][0000026823512640 49] MacServer, [0000026822467200][0000026823516900 49] Linux, [0000026822455000][000002682351ABC0 49] LinuxAArch64, [0000026822465A00][0000026823532E80 49] LinuxNoEditor, [0000026822456100][000002682299B140 49] LinuxAArch64NoEditor, [0000026822464200][000002682299F400 49] LinuxClient, [0000026822454D00][0000026823503680 49] LinuxAArch64Client, [0000026822467700][00000268186AF900 49] LinuxServer, [0000026822456800][00000268186B7BC0 49] LinuxAArch64Server, [0000026822465B00][00000268186BE300 49] Android, [0000026822457500][00000268187705C0 49] Android_Low, [0000026822466F00][00000268227BC880 49] Android_Mid, [00000268217E6100][00000268227C0B40 49] Android_High, [0000026822765400][00000268227CEE00 49] Android_Default, [00000268217E5300][00000268227D30C0 49] Android_Adreno4xx, [0000026822766700][00000268227D7380 49] Android_Adreno5xx_Low, [00000268217E5400][00000268186BB640 49] Android_Adreno5xx, [0000026822765200][00000268186B38C0 49] Android_Adreno6xx, [00000268217E5F00][00000268229A3B40 49] Android_Adreno6xx_Vulkan, [0000026822767E00][000002681E338280 49] Android_Mali_T6xx, [00000268217E4D00][0000026822824540 49] Android_Mali_T7xx, [0000026822765C00][000002682280C800 49] Android_Mali_T8xx, [00000268217E5700][0000026817B22AC0 49] Android_Mali_G71, [0000026822765600][0000026822B48D80 49] Android_Mali_G72, [00000268217E4300][0000026822B4D040 49] Android_Mali_G72_Vulkan, [0000026822766F00][0000026822B51300 49] Android_Mali_G76, [00000268217E5800][0000026822B555C0 49] Android_Mali_G76_Vulkan, [0000026822764F00][0000026822B59880 49] Android_Mali_G77, [00000268217E5B00][0000026822997B00 49] Android_Mali_G77_Vulkan, [0000026822766300][0000026822B5C200 49] Android_Mali_G78, [00000268217E4600][0000026822B644C0 49] Android_Mali_G78_Vulkan, [0000026822767B00][000002681E33C780 49] Android_Mali_G710, [00000268217E4900][000002681E340A40 49] Android_Mali_G710_Vulkan, [0000026822767500][000002681E344D00 49] Android_Vulkan_SM5, [00000268217E4800][000002681E348FC0 49] Android_PowerVR_G6xxx, [0000026822764900][000002681E34D280 49] Android_PowerVR_GT7xxx, [0000026822456B00][000002681E351540 49] Android_PowerVR_GE8xxx, [0000026822765500][000002681E355800 49] Android_PowerVR_GM9xxx, [0000026822456400][000002681E359AC0 49] Android_PowerVR_GM9xxx_Vulkan, [0000026822766E00][0000026822B601C0 49] Android_TegraK1, [0000026822455500][000002681E35C440 49] Android_Unknown_Vulkan, [0000026822765E00][000002681F222700 49] Lumin, [0000026822455300][000002681F2269C0 49] Lumin_Desktop, [0000026822766A00][000002681F22AC80 49] HoloLens, 
[2022.02.14-04.55.27:511][  0]LogMeshReduction: Using QuadricMeshReduction for automatic static mesh reduction
[2022.02.14-04.55.27:511][  0]LogMeshReduction: Using SimplygonMeshReduction for automatic skeletal mesh reduction
[2022.02.14-04.55.27:511][  0]LogMeshReduction: Using ProxyLODMeshReduction for automatic mesh merging
[2022.02.14-04.55.27:511][  0]LogMeshReduction: No distributed automatic mesh merging module available
[2022.02.14-04.55.27:511][  0]LogMeshMerging: No distributed automatic mesh merging module available
[2022.02.14-04.55.27:522][  0]LogNetVersion: InfiniteMatrix 1.0.0, NetCL: 17155196, EngineNetVer: 17, GameNetVer: 0 (Checksum: 1551001080)
[2022.02.14-04.55.27:768][  0]LogTexture: Default maximum texture size for cubemaps generated from long-lat sources has been changed from 512 to unlimited. In order to preserve old behaiour for '/Engine/MapTemplates/Sky/DaylightAmbientCubemap.DaylightAmbientCubemap', its maximum texture size has been explicitly set to 512.
[2022.02.14-04.55.27:806][  0]LogHMD: PokeAHoleMaterial loaded successfully
[2022.02.14-04.55.27:810][  0]LogUObjectArray: 17178 objects as part of root set at end of initial load.
[2022.02.14-04.55.27:810][  0]LogUObjectAllocator: 4302048 out of 0 bytes used by permanent object pool.
[2022.02.14-04.55.27:810][  0]LogUObjectArray: CloseDisregardForGC: 0/0 objects in disregard for GC pool
[2022.02.14-04.55.27:991][  0]LogNiagaraDebuggerClient: Niagara Debugger Client Initialized | Session: B422CA9A4D8F2EC0DECF23BCBF0D7C0D | Instance: 49F11A4045BC38F402751697FD528447 (DESKTOP-0V00JNC-7032).
[2022.02.14-04.55.28:073][  0]LogPython: Using Python 3.7.7
[2022.02.14-04.55.28:425][  0]LogUdpMessaging: Initializing bridge on interface 0.0.0.0:0 to multicast group 230.0.0.1:6666.
[2022.02.14-04.55.28:429][  0]LogTcpMessaging: Initializing TcpMessaging bridge
[2022.02.14-04.55.28:522][  0]SourceControl: Source control is disabled
[2022.02.14-04.55.28:522][  0]SourceControl: Source control is disabled
[2022.02.14-04.55.28:524][  0]SourceControl: Source control is disabled
[2022.02.14-04.55.28:526][  0]SourceControl: Source control is disabled
[2022.02.14-04.55.28:531][  0]SourceControl: Source control is disabled
[2022.02.14-04.55.28:535][  0]LogUProjectInfo: Found projects:
[2022.02.14-04.55.28:536][  0]LogVSAccessor: Display: Unable to create Visual Studio setup instance: 80040154
[2022.02.14-04.55.28:537][  0]LogVSAccessor: Display: Unable to create Visual Studio setup instance: 80040154
[2022.02.14-04.55.28:537][  0]LogVSAccessor: Display: Unable to create Visual Studio setup instance: 80040154
[2022.02.14-04.55.28:699][  0]LogOpenImageDenoise: OIDN starting up
[2022.02.14-04.55.28:706][  0]LogAndroidPermission: UAndroidPermissionCallbackProxy::GetInstance
[2022.02.14-04.55.28:720][  0]LogAudioCaptureCore: Display: No Audio Capture implementations found. Audio input will be silent.
[2022.02.14-04.55.28:720][  0]LogAudioCaptureCore: Display: No Audio Capture implementations found. Audio input will be silent.
[2022.02.14-04.55.28:801][  0]LogCollectionManager: Loaded 0 collections in 0.001253 seconds
[2022.02.14-04.55.28:818][  0]LogFileCache: Scanning file cache for directory 'C:/Users/Michael/Downloads/InfiniteMatrixCompleteProject/InfiniteMatrixComplete 4.27/Saved/Collections/' took 0.00s
[2022.02.14-04.55.28:818][  0]LogFileCache: Scanning file cache for directory 'C:/Users/Michael/Downloads/InfiniteMatrixCompleteProject/InfiniteMatrixComplete 4.27/Content/Developers/Michael/Collections/' took 0.00s
[2022.02.14-04.55.28:818][  0]LogFileCache: Scanning file cache for directory 'C:/Users/Michael/Downloads/InfiniteMatrixCompleteProject/InfiniteMatrixComplete 4.27/Content/Collections/' took 0.00s
[2022.02.14-04.55.28:818][  0]LogOcInput: OculusInput pre-init called
[2022.02.14-04.55.28:968][  0]LogEngine: Initializing Engine...
[2022.02.14-04.55.29:002][  0]LogHMD: Failed to enumerate extensions. Please check that you have a valid OpenXR runtime installed.
[2022.02.14-04.55.29:002][  0]LogHMD: Failed to initialize OpenVR with code 110
[2022.02.14-04.55.29:002][  0]LogMagicLeap: Warning: VR disabled because ZI is not enabled.  To enable, in the editor, Edit -> Project Settings -> Plugins -> Magic Leap Plugin -> Enable Zero Iteration
[2022.02.14-04.55.29:003][  0]LogStats: UGameplayTagsManager::InitializeManager -  0.000 s
[2022.02.14-04.55.29:095][  0]LogInit: Initializing FReadOnlyCVARCache
[2022.02.14-04.55.29:100][  0]LogAIModule: Creating AISystem for world Untitled
[2022.02.14-04.55.29:100][  0]LogAudio: Display: Initializing Audio Device Manager...
[2022.02.14-04.55.29:102][  0]LogAudio: Display: Loading Default Audio Settings Objects...
[2022.02.14-04.55.29:103][  0]LogAudio: Display: No default SoundConcurrencyObject specified (or failed to load).
[2022.02.14-04.55.29:103][  0]LogAudio: Display: Audio Device Manager Initialized
[2022.02.14-04.55.29:103][  0]LogAudio: Display: Creating Audio Device:                 Id: 1, Scope: Shared, Realtime: True
[2022.02.14-04.55.29:103][  0]LogAudioMixer: Display: Audio Mixer Platform Settings:
[2022.02.14-04.55.29:103][  0]LogAudioMixer: Display: 	Sample Rate:						  48000
[2022.02.14-04.55.29:103][  0]LogAudioMixer: Display: 	Callback Buffer Frame Size Requested: 1024
[2022.02.14-04.55.29:103][  0]LogAudioMixer: Display: 	Callback Buffer Frame Size To Use:	  1024
[2022.02.14-04.55.29:103][  0]LogAudioMixer: Display: 	Number of buffers to queue:			  2
[2022.02.14-04.55.29:103][  0]LogAudioMixer: Display: 	Max Channels (voices):				  32
[2022.02.14-04.55.29:103][  0]LogAudioMixer: Display: 	Number of Async Source Workers:		  0
[2022.02.14-04.55.29:103][  0]LogAudio: Display: AudioDevice MaxSources: 32
[2022.02.14-04.55.29:103][  0]LogAudio: Display: Audio Spatialization Plugin: None (built-in).
[2022.02.14-04.55.29:103][  0]LogAudio: Display: Audio Reverb Plugin: None (built-in).
[2022.02.14-04.55.29:103][  0]LogAudio: Display: Audio Occlusion Plugin: None (built-in).
[2022.02.14-04.55.29:103][  0]LogAudioMixer: Display: Initializing audio mixer.
[2022.02.14-04.55.29:112][  0]LogAudioMixer: Display: 0: FrontLeft
[2022.02.14-04.55.29:112][  0]LogAudioMixer: Display: 1: FrontRight
[2022.02.14-04.55.29:123][  0]LogAudioMixer: Display: Using Audio Device Speakers (2- High Definition Audio Device)
[2022.02.14-04.55.29:127][  0]LogAudioMixer: Display: Initializing Sound Submixes...
[2022.02.14-04.55.29:129][  0]LogAudioMixer: Display: Creating Master Submix 'MasterSubmixDefault'
[2022.02.14-04.55.29:129][  0]LogAudioMixer: Display: Creating Master Submix 'MasterReverbSubmixDefault'
[2022.02.14-04.55.29:130][  0]LogAudioMixer: Display: Creating Master Submix 'MasterEQSubmixDefault'
[2022.02.14-04.55.29:130][  0]LogAudioMixer: FMixerPlatformXAudio2::StartAudioStream() called
[2022.02.14-04.55.29:130][  0]LogAudioMixer: Display: Output buffers initialized: Frames=1024, Channels=2, Samples=2048
[2022.02.14-04.55.29:131][  0]LogAudioMixer: Display: Starting AudioMixerPlatformInterface::RunInternal()
[2022.02.14-04.55.29:131][  0]LogAudioMixer: Display: FMixerPlatformXAudio2::SubmitBuffer() called for the first time
[2022.02.14-04.55.29:131][  0]LogInit: FAudioDevice initialized.
[2022.02.14-04.55.29:131][  0]LogAudio: Display: Audio Device (ID: 1) registered with world 'Untitled'.
[2022.02.14-04.55.29:131][  0]LogNetVersion: Set ProjectVersion to 1.0.0.0. Version Checksum will be recalculated on next use.
[2022.02.14-04.55.29:169][  0]LogDerivedDataCache: Saved boot cache 0.04s 94MB C:/Users/Michael/AppData/Local/UnrealEngine/4.27/DerivedDataCache/Boot.ddc.
[2022.02.14-04.55.29:169][  0]LogInit: Texture streaming: Enabled
[2022.02.14-04.55.29:178][  0]LogAnalytics: Display: [UEEditor.Rocket.Release] APIServer = https://datarouter.ol.epicgames.com/. AppVersion = 4.27.2-18319896+++UE4+Release-4.27
[2022.02.14-04.55.29:180][  0]LogEngineSessionManager: EngineSessionManager initialized
[2022.02.14-04.55.29:180][  0]LogEditorSessionSummary: Verbose: Initializing EditorSessionSummaryWriter for editor session tracking
[2022.02.14-04.55.29:181][  0]LogEditorSessionSummary: EditorSessionSummaryWriter initialized
[2022.02.14-04.55.29:202][  0]LogInit: Transaction tracking system initialized
[2022.02.14-04.55.29:216][  0]BlueprintLog: New page: Editor Load
[2022.02.14-04.55.29:255][  0]LocalizationService: Localization service is disabled
[2022.02.14-04.55.29:272][  0]TimingProfiler: Initialize
[2022.02.14-04.55.29:272][  0]TimingProfiler: OnSessionChanged
[2022.02.14-04.55.29:272][  0]LoadingProfiler: Initialize
[2022.02.14-04.55.29:272][  0]LoadingProfiler: OnSessionChanged
[2022.02.14-04.55.29:272][  0]NetworkingProfiler: Initialize
[2022.02.14-04.55.29:272][  0]NetworkingProfiler: OnSessionChanged
[2022.02.14-04.55.29:272][  0]MemoryProfiler: Initialize
[2022.02.14-04.55.29:272][  0]MemoryProfiler: OnSessionChanged
[2022.02.14-04.55.29:310][  0]LogVSAccessor: Display: Unable to create Visual Studio setup instance: 80040154
[2022.02.14-04.55.29:310][  0]LogVSAccessor: Display: Unable to create Visual Studio setup instance: 80040154
[2022.02.14-04.55.29:311][  0]LogVSAccessor: Display: Unable to create Visual Studio setup instance: 80040154
[2022.02.14-04.55.29:375][  0]LogCook: Display: CookSettings for Memory: MemoryMaxUsedVirtual 0MiB, MemoryMaxUsedPhysical 16384MiB, MemoryMinFreeVirtual 0MiB, MemoryMinFreePhysical 1024MiB
[2022.02.14-04.55.29:375][  0]LogCook: Display: Mobile HDR setting 1
[2022.02.14-04.55.29:488][  0]LogFileCache: Scanning file cache for directory 'C:/Users/Michael/Downloads/InfiniteMatrixCompleteProject/InfiniteMatrixComplete 4.27/Content/' took 0.01s
[2022.02.14-04.55.29:602][  0]LogInit: Display: Engine is initialized. Leaving FEngineLoop::Init()
[2022.02.14-04.55.29:604][  0]SourceControl: Source control is disabled
[2022.02.14-04.55.29:604][  0]LogUnrealEdMisc: Loading editor; pre map load, took 4.508
[2022.02.14-04.55.29:604][  0]LightingResults: New page: Lighting Build
[2022.02.14-04.55.29:605][  0]LogWorld: UWorld::CleanupWorld for Untitled, bSessionEnded=true, bCleanupResources=true
[2022.02.14-04.55.29:605][  0]LogSlate: InvalidateAllWidgets triggered.  All widgets were invalidated
[2022.02.14-04.55.29:605][  0]MapCheck: New page: Map Check
[2022.02.14-04.55.29:605][  0]LightingResults: New page: Lighting Build
[2022.02.14-04.55.29:614][  0]LogAudio: Display: Audio Device unregistered from world 'None'.
[2022.02.14-04.55.29:616][  0]LogUObjectHash: Compacting FUObjectHashTables data took   0.66ms
[2022.02.14-04.55.29:811][  0]LogAudio: Display: Audio Device (ID: 1) registered with world 'TutorialMap'.
[2022.02.14-04.55.29:812][  0]LogAIModule: Creating AISystem for world TutorialMap
[2022.02.14-04.55.29:814][  0]LogEditorServer: Finished looking for orphan Actors (0.000 secs)
[2022.02.14-04.55.29:818][  0]LogUObjectHash: Compacting FUObjectHashTables data took   0.70ms
[2022.02.14-04.55.29:818][  0]Cmd: MAP CHECKDEP NOCLEARLOG
[2022.02.14-04.55.29:819][  0]MapCheck: Map check complete: 0 Error(s), 0 Warning(s), took 0.09ms to complete.
[2022.02.14-04.55.29:819][  0]LogFileHelpers: Loading map 'TutorialMap' took 0.214
[2022.02.14-04.55.29:820][  0]LogUnrealEdMisc: Total Editor Startup Time, took 4.723
[2022.02.14-04.55.29:949][  0]LogSlate: Updating window title bar state: overlay mode, drag disabled, window buttons hidden, title bar hidden
[2022.02.14-04.55.29:954][  0]LogSlate: Updating window title bar state: overlay mode, drag disabled, window buttons hidden, title bar hidden
[2022.02.14-04.55.29:957][  0]LogSlate: Updating window title bar state: overlay mode, drag disabled, window buttons hidden, title bar hidden
[2022.02.14-04.55.29:961][  0]LogSlate: Updating window title bar state: overlay mode, drag disabled, window buttons hidden, title bar hidden
[2022.02.14-04.55.29:974][  0]LogNativeClassHierarchy: Verbose: Native class hierarchy populated in 0.0074 seconds. Added 3822 classes and 928 folders.
[2022.02.14-04.55.29:976][  0]LogNativeClassHierarchy: Verbose: Native class hierarchy updated for 'WidgetCarousel' in 0.0002 seconds. Added 0 classes and 0 folders.
[2022.02.14-04.55.29:983][  0]LogPakFile: PakFile PrimaryIndexSize=187
[2022.02.14-04.55.29:983][  0]LogPakFile: PakFile PathHashIndexSize=101
[2022.02.14-04.55.29:983][  0]LogPakFile: PakFile FullDirectoryIndexSize=148
[2022.02.14-04.55.29:983][  0]LogShaderLibrary: Display: ShaderCodeLibraryPakFileMountedCallback: PakFile 'C:/Program Files/Epic Games/UE_4.27/FeaturePacks/FP_FirstPerson.upack' (chunk index -1, root 'root:/') mounted
[2022.02.14-04.55.29:983][  0]LogShaderLibrary: Display: ShaderCodeLibraryPakFileMountedCallback: pending pak file info (ChunkID:-1 Root:root:/ File:C:/Program Files/Epic Games/UE_4.27/FeaturePacks/FP_FirstPerson.upack)
[2022.02.14-04.55.29:983][  0]LogPakFile: OnPakFileMounted2Time == 0.000039
[2022.02.14-04.55.29:989][  0]LogPakFile: PakFile PrimaryIndexSize=189
[2022.02.14-04.55.29:989][  0]LogPakFile: PakFile PathHashIndexSize=101
[2022.02.14-04.55.29:989][  0]LogPakFile: PakFile FullDirectoryIndexSize=152
[2022.02.14-04.55.29:989][  0]LogShaderLibrary: Display: ShaderCodeLibraryPakFileMountedCallback: PakFile 'C:/Program Files/Epic Games/UE_4.27/FeaturePacks/FP_FirstPersonBP.upack' (chunk index -1, root 'root:/') mounted
[2022.02.14-04.55.29:989][  0]LogShaderLibrary: Display: ShaderCodeLibraryPakFileMountedCallback: pending pak file info (ChunkID:-1 Root:root:/ File:C:/Program Files/Epic Games/UE_4.27/FeaturePacks/FP_FirstPersonBP.upack)
[2022.02.14-04.55.29:989][  0]LogPakFile: OnPakFileMounted2Time == 0.000035
[2022.02.14-04.55.29:993][  0]LogPakFile: PakFile PrimaryIndexSize=191
[2022.02.14-04.55.29:993][  0]LogPakFile: PakFile PathHashIndexSize=101
[2022.02.14-04.55.29:993][  0]LogPakFile: PakFile FullDirectoryIndexSize=160
[2022.02.14-04.55.29:993][  0]LogShaderLibrary: Display: ShaderCodeLibraryPakFileMountedCallback: PakFile 'C:/Program Files/Epic Games/UE_4.27/FeaturePacks/MobileStarterContent.upack' (chunk index -1, root 'root:/') mounted
[2022.02.14-04.55.29:993][  0]LogShaderLibrary: Display: ShaderCodeLibraryPakFileMountedCallback: pending pak file info (ChunkID:-1 Root:root:/ File:C:/Program Files/Epic Games/UE_4.27/FeaturePacks/MobileStarterContent.upack)
[2022.02.14-04.55.29:993][  0]LogPakFile: OnPakFileMounted2Time == 0.000030
[2022.02.14-04.55.29:997][  0]LogPakFile: PakFile PrimaryIndexSize=185
[2022.02.14-04.55.29:997][  0]LogPakFile: PakFile PathHashIndexSize=101
[2022.02.14-04.55.29:997][  0]LogPakFile: PakFile FullDirectoryIndexSize=148
[2022.02.14-04.55.29:997][  0]LogShaderLibrary: Display: ShaderCodeLibraryPakFileMountedCallback: PakFile 'C:/Program Files/Epic Games/UE_4.27/FeaturePacks/StarterContent.upack' (chunk index -1, root 'root:/') mounted
[2022.02.14-04.55.29:997][  0]LogShaderLibrary: Display: ShaderCodeLibraryPakFileMountedCallback: pending pak file info (ChunkID:-1 Root:root:/ File:C:/Program Files/Epic Games/UE_4.27/FeaturePacks/StarterContent.upack)
[2022.02.14-04.55.29:997][  0]LogPakFile: OnPakFileMounted2Time == 0.000028
[2022.02.14-04.55.30:001][  0]LogPakFile: PakFile PrimaryIndexSize=190
[2022.02.14-04.55.30:001][  0]LogPakFile: PakFile PathHashIndexSize=101
[2022.02.14-04.55.30:001][  0]LogPakFile: PakFile FullDirectoryIndexSize=154
[2022.02.14-04.55.30:001][  0]LogShaderLibrary: Display: ShaderCodeLibraryPakFileMountedCallback: PakFile 'C:/Program Files/Epic Games/UE_4.27/FeaturePacks/TP_2DSideScroller.upack' (chunk index -1, root 'root:/') mounted
[2022.02.14-04.55.30:001][  0]LogShaderLibrary: Display: ShaderCodeLibraryPakFileMountedCallback: pending pak file info (ChunkID:-1 Root:root:/ File:C:/Program Files/Epic Games/UE_4.27/FeaturePacks/TP_2DSideScroller.upack)
[2022.02.14-04.55.30:001][  0]LogPakFile: OnPakFileMounted2Time == 0.000030
[2022.02.14-04.55.30:005][  0]LogPakFile: PakFile PrimaryIndexSize=192
[2022.02.14-04.55.30:005][  0]LogPakFile: PakFile PathHashIndexSize=101
[2022.02.14-04.55.30:005][  0]LogPakFile: PakFile FullDirectoryIndexSize=158
[2022.02.14-04.55.30:005][  0]LogShaderLibrary: Display: ShaderCodeLibraryPakFileMountedCallback: PakFile 'C:/Program Files/Epic Games/UE_4.27/FeaturePacks/TP_2DSideScrollerBP.upack' (chunk index -1, root 'root:/') mounted
[2022.02.14-04.55.30:005][  0]LogShaderLibrary: Display: ShaderCodeLibraryPakFileMountedCallback: pending pak file info (ChunkID:-1 Root:root:/ File:C:/Program Files/Epic Games/UE_4.27/FeaturePacks/TP_2DSideScrollerBP.upack)
[2022.02.14-04.55.30:005][  0]LogPakFile: OnPakFileMounted2Time == 0.000030
[2022.02.14-04.55.30:009][  0]LogPakFile: PakFile PrimaryIndexSize=182
[2022.02.14-04.55.30:009][  0]LogPakFile: PakFile PathHashIndexSize=101
[2022.02.14-04.55.30:009][  0]LogPakFile: PakFile FullDirectoryIndexSize=138
[2022.02.14-04.55.30:009][  0]LogShaderLibrary: Display: ShaderCodeLibraryPakFileMountedCallback: PakFile 'C:/Program Files/Epic Games/UE_4.27/FeaturePacks/TP_Flying.upack' (chunk index -1, root 'root:/') mounted
[2022.02.14-04.55.30:009][  0]LogShaderLibrary: Display: ShaderCodeLibraryPakFileMountedCallback: pending pak file info (ChunkID:-1 Root:root:/ File:C:/Program Files/Epic Games/UE_4.27/FeaturePacks/TP_Flying.upack)
[2022.02.14-04.55.30:009][  0]LogPakFile: OnPakFileMounted2Time == 0.000028
[2022.02.14-04.55.30:013][  0]LogPakFile: PakFile PrimaryIndexSize=184
[2022.02.14-04.55.30:013][  0]LogPakFile: PakFile PathHashIndexSize=101
[2022.02.14-04.55.30:013][  0]LogPakFile: PakFile FullDirectoryIndexSize=142
[2022.02.14-04.55.30:013][  0]LogShaderLibrary: Display: ShaderCodeLibraryPakFileMountedCallback: PakFile 'C:/Program Files/Epic Games/UE_4.27/FeaturePacks/TP_FlyingBP.upack' (chunk index -1, root 'root:/') mounted
[2022.02.14-04.55.30:013][  0]LogShaderLibrary: Display: ShaderCodeLibraryPakFileMountedCallback: pending pak file info (ChunkID:-1 Root:root:/ File:C:/Program Files/Epic Games/UE_4.27/FeaturePacks/TP_FlyingBP.upack)
[2022.02.14-04.55.30:013][  0]LogPakFile: OnPakFileMounted2Time == 0.000028
[2022.02.14-04.55.30:017][  0]LogPakFile: PakFile PrimaryIndexSize=188
[2022.02.14-04.55.30:017][  0]LogPakFile: PakFile PathHashIndexSize=101
[2022.02.14-04.55.30:017][  0]LogPakFile: PakFile FullDirectoryIndexSize=150
[2022.02.14-04.55.30:017][  0]LogShaderLibrary: Display: ShaderCodeLibraryPakFileMountedCallback: PakFile 'C:/Program Files/Epic Games/UE_4.27/FeaturePacks/TP_HandheldARBP.upack' (chunk index -1, root 'root:/') mounted
[2022.02.14-04.55.30:017][  0]LogShaderLibrary: Display: ShaderCodeLibraryPakFileMountedCallback: pending pak file info (ChunkID:-1 Root:root:/ File:C:/Program Files/Epic Games/UE_4.27/FeaturePacks/TP_HandheldARBP.upack)
[2022.02.14-04.55.30:017][  0]LogPakFile: OnPakFileMounted2Time == 0.000030
[2022.02.14-04.55.30:021][  0]LogPakFile: PakFile PrimaryIndexSize=182
[2022.02.14-04.55.30:021][  0]LogPakFile: PakFile PathHashIndexSize=101
[2022.02.14-04.55.30:021][  0]LogPakFile: PakFile FullDirectoryIndexSize=138
[2022.02.14-04.55.30:021][  0]LogShaderLibrary: Display: ShaderCodeLibraryPakFileMountedCallback: PakFile 'C:/Program Files/Epic Games/UE_4.27/FeaturePacks/TP_Puzzle.upack' (chunk index -1, root 'root:/') mounted
[2022.02.14-04.55.30:021][  0]LogShaderLibrary: Display: ShaderCodeLibraryPakFileMountedCallback: pending pak file info (ChunkID:-1 Root:root:/ File:C:/Program Files/Epic Games/UE_4.27/FeaturePacks/TP_Puzzle.upack)
[2022.02.14-04.55.30:021][  0]LogPakFile: OnPakFileMounted2Time == 0.000025
[2022.02.14-04.55.30:025][  0]LogPakFile: PakFile PrimaryIndexSize=184
[2022.02.14-04.55.30:025][  0]LogPakFile: PakFile PathHashIndexSize=101
[2022.02.14-04.55.30:025][  0]LogPakFile: PakFile FullDirectoryIndexSize=142
[2022.02.14-04.55.30:025][  0]LogShaderLibrary: Display: ShaderCodeLibraryPakFileMountedCallback: PakFile 'C:/Program Files/Epic Games/UE_4.27/FeaturePacks/TP_PuzzleBP.upack' (chunk index -1, root 'root:/') mounted
[2022.02.14-04.55.30:025][  0]LogShaderLibrary: Display: ShaderCodeLibraryPakFileMountedCallback: pending pak file info (ChunkID:-1 Root:root:/ File:C:/Program Files/Epic Games/UE_4.27/FeaturePacks/TP_PuzzleBP.upack)
[2022.02.14-04.55.30:025][  0]LogPakFile: OnPakFileMounted2Time == 0.000029
[2022.02.14-04.55.30:028][  0]LogPakFile: PakFile PrimaryIndexSize=183
[2022.02.14-04.55.30:028][  0]LogPakFile: PakFile PathHashIndexSize=101
[2022.02.14-04.55.30:028][  0]LogPakFile: PakFile FullDirectoryIndexSize=140
[2022.02.14-04.55.30:028][  0]LogShaderLibrary: Display: ShaderCodeLibraryPakFileMountedCallback: PakFile 'C:/Program Files/Epic Games/UE_4.27/FeaturePacks/TP_Rolling.upack' (chunk index -1, root 'root:/') mounted
[2022.02.14-04.55.30:028][  0]LogShaderLibrary: Display: ShaderCodeLibraryPakFileMountedCallback: pending pak file info (ChunkID:-1 Root:root:/ File:C:/Program Files/Epic Games/UE_4.27/FeaturePacks/TP_Rolling.upack)
[2022.02.14-04.55.30:028][  0]LogPakFile: OnPakFileMounted2Time == 0.000023
[2022.02.14-04.55.30:032][  0]LogPakFile: PakFile PrimaryIndexSize=185
[2022.02.14-04.55.30:032][  0]LogPakFile: PakFile PathHashIndexSize=101
[2022.02.14-04.55.30:032][  0]LogPakFile: PakFile FullDirectoryIndexSize=144
[2022.02.14-04.55.30:032][  0]LogShaderLibrary: Display: ShaderCodeLibraryPakFileMountedCallback: PakFile 'C:/Program Files/Epic Games/UE_4.27/FeaturePacks/TP_RollingBP.upack' (chunk index -1, root 'root:/') mounted
[2022.02.14-04.55.30:032][  0]LogShaderLibrary: Display: ShaderCodeLibraryPakFileMountedCallback: pending pak file info (ChunkID:-1 Root:root:/ File:C:/Program Files/Epic Games/UE_4.27/FeaturePacks/TP_RollingBP.upack)
[2022.02.14-04.55.30:032][  0]LogPakFile: OnPakFileMounted2Time == 0.000024
[2022.02.14-04.55.30:035][  0]LogPakFile: PakFile PrimaryIndexSize=188
[2022.02.14-04.55.30:035][  0]LogPakFile: PakFile PathHashIndexSize=101
[2022.02.14-04.55.30:035][  0]LogPakFile: PakFile FullDirectoryIndexSize=150
[2022.02.14-04.55.30:035][  0]LogShaderLibrary: Display: ShaderCodeLibraryPakFileMountedCallback: PakFile 'C:/Program Files/Epic Games/UE_4.27/FeaturePacks/TP_SideScroller.upack' (chunk index -1, root 'root:/') mounted
[2022.02.14-04.55.30:035][  0]LogShaderLibrary: Display: ShaderCodeLibraryPakFileMountedCallback: pending pak file info (ChunkID:-1 Root:root:/ File:C:/Program Files/Epic Games/UE_4.27/FeaturePacks/TP_SideScroller.upack)
[2022.02.14-04.55.30:035][  0]LogPakFile: OnPakFileMounted2Time == 0.000029
[2022.02.14-04.55.30:039][  0]LogPakFile: PakFile PrimaryIndexSize=190
[2022.02.14-04.55.30:039][  0]LogPakFile: PakFile PathHashIndexSize=101
[2022.02.14-04.55.30:039][  0]LogPakFile: PakFile FullDirectoryIndexSize=154
[2022.02.14-04.55.30:039][  0]LogShaderLibrary: Display: ShaderCodeLibraryPakFileMountedCallback: PakFile 'C:/Program Files/Epic Games/UE_4.27/FeaturePacks/TP_SideScrollerBP.upack' (chunk index -1, root 'root:/') mounted
[2022.02.14-04.55.30:039][  0]LogShaderLibrary: Display: ShaderCodeLibraryPakFileMountedCallback: pending pak file info (ChunkID:-1 Root:root:/ File:C:/Program Files/Epic Games/UE_4.27/FeaturePacks/TP_SideScrollerBP.upack)
[2022.02.14-04.55.30:039][  0]LogPakFile: OnPakFileMounted2Time == 0.000024
[2022.02.14-04.55.30:043][  0]LogPakFile: PakFile PrimaryIndexSize=187
[2022.02.14-04.55.30:043][  0]LogPakFile: PakFile PathHashIndexSize=101
[2022.02.14-04.55.30:043][  0]LogPakFile: PakFile FullDirectoryIndexSize=148
[2022.02.14-04.55.30:043][  0]LogShaderLibrary: Display: ShaderCodeLibraryPakFileMountedCallback: PakFile 'C:/Program Files/Epic Games/UE_4.27/FeaturePacks/TP_ThirdPerson.upack' (chunk index -1, root 'root:/') mounted
[2022.02.14-04.55.30:043][  0]LogShaderLibrary: Display: ShaderCodeLibraryPakFileMountedCallback: pending pak file info (ChunkID:-1 Root:root:/ File:C:/Program Files/Epic Games/UE_4.27/FeaturePacks/TP_ThirdPerson.upack)
[2022.02.14-04.55.30:043][  0]LogPakFile: OnPakFileMounted2Time == 0.000024
[2022.02.14-04.55.30:046][  0]LogPakFile: PakFile PrimaryIndexSize=189
[2022.02.14-04.55.30:046][  0]LogPakFile: PakFile PathHashIndexSize=101
[2022.02.14-04.55.30:046][  0]LogPakFile: PakFile FullDirectoryIndexSize=152
[2022.02.14-04.55.30:047][  0]LogShaderLibrary: Display: ShaderCodeLibraryPakFileMountedCallback: PakFile 'C:/Program Files/Epic Games/UE_4.27/FeaturePacks/TP_ThirdPersonBP.upack' (chunk index -1, root 'root:/') mounted
[2022.02.14-04.55.30:047][  0]LogShaderLibrary: Display: ShaderCodeLibraryPakFileMountedCallback: pending pak file info (ChunkID:-1 Root:root:/ File:C:/Program Files/Epic Games/UE_4.27/FeaturePacks/TP_ThirdPersonBP.upack)
[2022.02.14-04.55.30:047][  0]LogPakFile: OnPakFileMounted2Time == 0.000036
[2022.02.14-04.55.30:050][  0]LogPakFile: PakFile PrimaryIndexSize=183
[2022.02.14-04.55.30:050][  0]LogPakFile: PakFile PathHashIndexSize=101
[2022.02.14-04.55.30:050][  0]LogPakFile: PakFile FullDirectoryIndexSize=140
[2022.02.14-04.55.30:050][  0]LogShaderLibrary: Display: ShaderCodeLibraryPakFileMountedCallback: PakFile 'C:/Program Files/Epic Games/UE_4.27/FeaturePacks/TP_TopDown.upack' (chunk index -1, root 'root:/') mounted
[2022.02.14-04.55.30:050][  0]LogShaderLibrary: Display: ShaderCodeLibraryPakFileMountedCallback: pending pak file info (ChunkID:-1 Root:root:/ File:C:/Program Files/Epic Games/UE_4.27/FeaturePacks/TP_TopDown.upack)
[2022.02.14-04.55.30:050][  0]LogPakFile: OnPakFileMounted2Time == 0.000036
[2022.02.14-04.55.30:054][  0]LogPakFile: PakFile PrimaryIndexSize=185
[2022.02.14-04.55.30:054][  0]LogPakFile: PakFile PathHashIndexSize=101
[2022.02.14-04.55.30:054][  0]LogPakFile: PakFile FullDirectoryIndexSize=144
[2022.02.14-04.55.30:054][  0]LogShaderLibrary: Display: ShaderCodeLibraryPakFileMountedCallback: PakFile 'C:/Program Files/Epic Games/UE_4.27/FeaturePacks/TP_TopDownBP.upack' (chunk index -1, root 'root:/') mounted
[2022.02.14-04.55.30:054][  0]LogShaderLibrary: Display: ShaderCodeLibraryPakFileMountedCallback: pending pak file info (ChunkID:-1 Root:root:/ File:C:/Program Files/Epic Games/UE_4.27/FeaturePacks/TP_TopDownBP.upack)
[2022.02.14-04.55.30:054][  0]LogPakFile: OnPakFileMounted2Time == 0.000026
[2022.02.14-04.55.30:059][  0]LogPakFile: PakFile PrimaryIndexSize=185
[2022.02.14-04.55.30:059][  0]LogPakFile: PakFile PathHashIndexSize=101
[2022.02.14-04.55.30:059][  0]LogPakFile: PakFile FullDirectoryIndexSize=144
[2022.02.14-04.55.30:059][  0]LogShaderLibrary: Display: ShaderCodeLibraryPakFileMountedCallback: PakFile 'C:/Program Files/Epic Games/UE_4.27/FeaturePacks/TP_TwinStick.upack' (chunk index -1, root 'root:/') mounted
[2022.02.14-04.55.30:059][  0]LogShaderLibrary: Display: ShaderCodeLibraryPakFileMountedCallback: pending pak file info (ChunkID:-1 Root:root:/ File:C:/Program Files/Epic Games/UE_4.27/FeaturePacks/TP_TwinStick.upack)
[2022.02.14-04.55.30:059][  0]LogPakFile: OnPakFileMounted2Time == 0.000024
[2022.02.14-04.55.30:062][  0]LogPakFile: PakFile PrimaryIndexSize=187
[2022.02.14-04.55.30:062][  0]LogPakFile: PakFile PathHashIndexSize=101
[2022.02.14-04.55.30:062][  0]LogPakFile: PakFile FullDirectoryIndexSize=148
[2022.02.14-04.55.30:062][  0]LogShaderLibrary: Display: ShaderCodeLibraryPakFileMountedCallback: PakFile 'C:/Program Files/Epic Games/UE_4.27/FeaturePacks/TP_TwinStickBP.upack' (chunk index -1, root 'root:/') mounted
[2022.02.14-04.55.30:062][  0]LogShaderLibrary: Display: ShaderCodeLibraryPakFileMountedCallback: pending pak file info (ChunkID:-1 Root:root:/ File:C:/Program Files/Epic Games/UE_4.27/FeaturePacks/TP_TwinStickBP.upack)
[2022.02.14-04.55.30:062][  0]LogPakFile: OnPakFileMounted2Time == 0.000032
[2022.02.14-04.55.30:066][  0]LogPakFile: PakFile PrimaryIndexSize=183
[2022.02.14-04.55.30:066][  0]LogPakFile: PakFile PathHashIndexSize=101
[2022.02.14-04.55.30:066][  0]LogPakFile: PakFile FullDirectoryIndexSize=140
[2022.02.14-04.55.30:066][  0]LogShaderLibrary: Display: ShaderCodeLibraryPakFileMountedCallback: PakFile 'C:/Program Files/Epic Games/UE_4.27/FeaturePacks/TP_Vehicle.upack' (chunk index -1, root 'root:/') mounted
[2022.02.14-04.55.30:066][  0]LogShaderLibrary: Display: ShaderCodeLibraryPakFileMountedCallback: pending pak file info (ChunkID:-1 Root:root:/ File:C:/Program Files/Epic Games/UE_4.27/FeaturePacks/TP_Vehicle.upack)
[2022.02.14-04.55.30:066][  0]LogPakFile: OnPakFileMounted2Time == 0.000028
[2022.02.14-04.55.30:070][  0]LogPakFile: PakFile PrimaryIndexSize=186
[2022.02.14-04.55.30:070][  0]LogPakFile: PakFile PathHashIndexSize=101
[2022.02.14-04.55.30:070][  0]LogPakFile: PakFile FullDirectoryIndexSize=146
[2022.02.14-04.55.30:070][  0]LogShaderLibrary: Display: ShaderCodeLibraryPakFileMountedCallback: PakFile 'C:/Program Files/Epic Games/UE_4.27/FeaturePacks/TP_VehicleAdv.upack' (chunk index -1, root 'root:/') mounted
[2022.02.14-04.55.30:070][  0]LogShaderLibrary: Display: ShaderCodeLibraryPakFileMountedCallback: pending pak file info (ChunkID:-1 Root:root:/ File:C:/Program Files/Epic Games/UE_4.27/FeaturePacks/TP_VehicleAdv.upack)
[2022.02.14-04.55.30:070][  0]LogPakFile: OnPakFileMounted2Time == 0.000029
[2022.02.14-04.55.30:074][  0]LogPakFile: PakFile PrimaryIndexSize=188
[2022.02.14-04.55.30:074][  0]LogPakFile: PakFile PathHashIndexSize=101
[2022.02.14-04.55.30:074][  0]LogPakFile: PakFile FullDirectoryIndexSize=150
[2022.02.14-04.55.30:074][  0]LogShaderLibrary: Display: ShaderCodeLibraryPakFileMountedCallback: PakFile 'C:/Program Files/Epic Games/UE_4.27/FeaturePacks/TP_VehicleAdvBP.upack' (chunk index -1, root 'root:/') mounted
[2022.02.14-04.55.30:074][  0]LogShaderLibrary: Display: ShaderCodeLibraryPakFileMountedCallback: pending pak file info (ChunkID:-1 Root:root:/ File:C:/Program Files/Epic Games/UE_4.27/FeaturePacks/TP_VehicleAdvBP.upack)
[2022.02.14-04.55.30:074][  0]LogPakFile: OnPakFileMounted2Time == 0.000028
[2022.02.14-04.55.30:078][  0]LogPakFile: PakFile PrimaryIndexSize=185
[2022.02.14-04.55.30:078][  0]LogPakFile: PakFile PathHashIndexSize=101
[2022.02.14-04.55.30:078][  0]LogPakFile: PakFile FullDirectoryIndexSize=144
[2022.02.14-04.55.30:078][  0]LogShaderLibrary: Display: ShaderCodeLibraryPakFileMountedCallback: PakFile 'C:/Program Files/Epic Games/UE_4.27/FeaturePacks/TP_VehicleBP.upack' (chunk index -1, root 'root:/') mounted
[2022.02.14-04.55.30:078][  0]LogShaderLibrary: Display: ShaderCodeLibraryPakFileMountedCallback: pending pak file info (ChunkID:-1 Root:root:/ File:C:/Program Files/Epic Games/UE_4.27/FeaturePacks/TP_VehicleBP.upack)
[2022.02.14-04.55.30:078][  0]LogPakFile: OnPakFileMounted2Time == 0.000024
[2022.02.14-04.55.30:081][  0]LogPakFile: PakFile PrimaryIndexSize=192
[2022.02.14-04.55.30:081][  0]LogPakFile: PakFile PathHashIndexSize=101
[2022.02.14-04.55.30:081][  0]LogPakFile: PakFile FullDirectoryIndexSize=158
[2022.02.14-04.55.30:081][  0]LogShaderLibrary: Display: ShaderCodeLibraryPakFileMountedCallback: PakFile 'C:/Program Files/Epic Games/UE_4.27/FeaturePacks/TP_VirtualRealityBP.upack' (chunk index -1, root 'root:/') mounted
[2022.02.14-04.55.30:081][  0]LogShaderLibrary: Display: ShaderCodeLibraryPakFileMountedCallback: pending pak file info (ChunkID:-1 Root:root:/ File:C:/Program Files/Epic Games/UE_4.27/FeaturePacks/TP_VirtualRealityBP.upack)
[2022.02.14-04.55.30:081][  0]LogPakFile: OnPakFileMounted2Time == 0.000026
[2022.02.14-04.55.30:246][  0]LogNativeClassHierarchy: Verbose: Native class hierarchy updated for 'AddContentDialog' in 0.0002 seconds. Added 0 classes and 0 folders.
[2022.02.14-04.55.30:247][  0]LogNativeClassHierarchy: Verbose: Native class hierarchy updated for 'SceneOutliner' in 0.0002 seconds. Added 2 classes and 0 folders.
[2022.02.14-04.55.30:287][  0]LogSlate: Took 0.000114 seconds to synchronously load lazily loaded font '../../../Engine/Content/Slate/Fonts/Roboto-Regular.ttf' (155K)
[2022.02.14-04.55.30:293][  0]LogSlate: Took 0.005029 seconds to synchronously load lazily loaded font '../../../Engine/Content/Editor/Slate/Fonts/FontAwesome.ttf' (139K)
[2022.02.14-04.55.30:294][  0]LogSlate: Took 0.000095 seconds to synchronously load lazily loaded font '../../../Engine/Content/Slate/Fonts/Roboto-Bold.ttf' (160K)
[2022.02.14-04.55.30:389][  0]LogRenderer: Reallocating scene render targets to support 1412x808 Format 10 NumSamples 1 (Frame:1).
[2022.02.14-04.55.30:460][  0]LogNativeClassHierarchy: Verbose: Native class hierarchy updated for 'HierarchicalLODOutliner' in 0.0003 seconds. Added 0 classes and 0 folders.
[2022.02.14-04.55.30:460][  0]LogLoad: (Engine Initialization) Total time: 5.36 seconds
[2022.02.14-04.55.30:460][  0]LogLoad: (Engine Initialization) Total Blueprint compile time: 0.00 seconds
[2022.02.14-04.55.30:491][  0]LogAssetRegistry: Asset discovery search completed in 3.2343 seconds
[2022.02.14-04.55.30:494][  0]LogCollectionManager: Fixed up redirectors for 0 collections in 0.000003 seconds (updated 0 objects)
[2022.02.14-04.55.30:495][  0]LogContentStreaming: Texture pool size now 1000 MB
[2022.02.14-04.55.42:342][123]LogTemp: Repeating last play command: New Editor Window (PIE)
[2022.02.14-04.55.42:346][123]LogPlayLevel: PlayLevel: No blueprints needed recompiling
[2022.02.14-04.55.42:347][123]PIE: New page: PIE session: TutorialMap (Feb 13, 2022, 4:55:42 PM)
[2022.02.14-04.55.42:348][123]LogOnline: OSS: Creating online subsystem instance for: NULL
[2022.02.14-04.55.42:348][123]LogOnline: OSS: TryLoadSubsystemAndSetDefault: Loaded subsystem for module [NULL]
[2022.02.14-04.55.42:348][123]LogPlayLevel: Creating play world package: /Game/InfiniteMatrix/Maps/UEDPIE_0_TutorialMap
[2022.02.14-04.55.42:350][123]LogPlayLevel: PIE: StaticDuplicateObject took: (0.001208s)
[2022.02.14-04.55.42:350][123]LogAIModule: Creating AISystem for world TutorialMap
[2022.02.14-04.55.42:350][123]LogPlayLevel: PIE: World Init took: (0.000703s)
[2022.02.14-04.55.42:350][123]LogPlayLevel: PIE: Created PIE world by copying editor world from /Game/InfiniteMatrix/Maps/TutorialMap.TutorialMap to /Game/InfiniteMatrix/Maps/UEDPIE_0_TutorialMap.TutorialMap (0.001987s)
[2022.02.14-04.55.42:354][123]LogUObjectHash: Compacting FUObjectHashTables data took   0.56ms
[2022.02.14-04.55.42:354][123]LogAudio: Display: Creating Audio Device:                 Id: 2, Scope: Unique, Realtime: True
[2022.02.14-04.55.42:354][123]LogAudioMixer: Display: Audio Mixer Platform Settings:
[2022.02.14-04.55.42:354][123]LogAudioMixer: Display: 	Sample Rate:						  48000
[2022.02.14-04.55.42:354][123]LogAudioMixer: Display: 	Callback Buffer Frame Size Requested: 1024
[2022.02.14-04.55.42:354][123]LogAudioMixer: Display: 	Callback Buffer Frame Size To Use:	  1024
[2022.02.14-04.55.42:355][123]LogAudioMixer: Display: 	Number of buffers to queue:			  2
[2022.02.14-04.55.42:355][123]LogAudioMixer: Display: 	Max Channels (voices):				  32
[2022.02.14-04.55.42:355][123]LogAudioMixer: Display: 	Number of Async Source Workers:		  0
[2022.02.14-04.55.42:355][123]LogAudio: Display: AudioDevice MaxSources: 32
[2022.02.14-04.55.42:355][123]LogAudio: Display: Audio Spatialization Plugin: None (built-in).
[2022.02.14-04.55.42:355][123]LogAudio: Display: Audio Reverb Plugin: None (built-in).
[2022.02.14-04.55.42:355][123]LogAudio: Display: Audio Occlusion Plugin: None (built-in).
[2022.02.14-04.55.42:355][123]LogAudioMixer: Display: Initializing audio mixer.
[2022.02.14-04.55.42:357][123]LogAudioMixer: Display: 0: FrontLeft
[2022.02.14-04.55.42:357][123]LogAudioMixer: Display: 1: FrontRight
[2022.02.14-04.55.42:363][123]LogAudioMixer: Display: Using Audio Device Speakers (2- High Definition Audio Device)
[2022.02.14-04.55.42:363][123]LogAudioMixer: Display: Initializing Sound Submixes...
[2022.02.14-04.55.42:363][123]LogAudioMixer: Display: Creating Master Submix 'MasterSubmixDefault'
[2022.02.14-04.55.42:363][123]LogAudioMixer: Display: Creating Master Submix 'MasterReverbSubmixDefault'
[2022.02.14-04.55.42:364][123]LogAudioMixer: Display: Creating Master Submix 'MasterEQSubmixDefault'
[2022.02.14-04.55.42:364][123]LogAudioMixer: FMixerPlatformXAudio2::StartAudioStream() called
[2022.02.14-04.55.42:364][123]LogAudioMixer: Display: Output buffers initialized: Frames=1024, Channels=2, Samples=2048
[2022.02.14-04.55.42:364][123]LogAudioMixer: Display: Starting AudioMixerPlatformInterface::RunInternal()
[2022.02.14-04.55.42:364][123]LogAudioMixer: Display: FMixerPlatformXAudio2::SubmitBuffer() called for the first time
[2022.02.14-04.55.42:364][123]LogInit: FAudioDevice initialized.
[2022.02.14-04.55.42:364][123]LogAudio: Display: Audio Device (ID: 2) registered with world 'TutorialMap'.
[2022.02.14-04.55.42:406][123]LogSlate: Updating window title bar state: overlay mode, drag disabled, window buttons hidden, title bar hidden
[2022.02.14-04.55.42:406][123]LogLoad: Game class is 'GM_Tutorial_C'
[2022.02.14-04.55.42:407][123]LogWorld: Bringing World /Game/InfiniteMatrix/Maps/UEDPIE_0_TutorialMap.TutorialMap up for play (max tick rate 0) at 2022.02.13-22.55.42
[2022.02.14-04.55.42:408][123]LogWorld: Bringing up level for play took: 0.000364
[2022.02.14-04.55.42:408][123]LogOnline: OSS: Creating online subsystem instance for: :Context_5
[2022.02.14-04.55.42:410][123]LogNativeClassHierarchy: Verbose: Native class hierarchy updated for 'MovieSceneCapture' in 0.0003 seconds. Added 20 classes and 0 folders.
[2022.02.14-04.55.42:414][123]PIE: Server logged in
[2022.02.14-04.55.42:414][123]PIE: Play in editor total start time 0.069 seconds.
[2022.02.14-04.55.42:446][124]LogRenderer: Reallocating scene render targets to support 2780x1368 Format 10 NumSamples 1 (Frame:1).
[2022.02.14-04.56.47:024][869]LogViewport: Display: Viewport MouseLockMode Changed, LockOnCapture -> DoNotLock
[2022.02.14-04.56.47:024][869]LogViewport: Display: Viewport MouseCaptureMode Changed, CapturePermanently_IncludingInitialMouseDown -> NoCapture
[2022.02.14-04.56.48:542][ 47]LogSlate: Updating window title bar state: overlay mode, drag disabled, window buttons hidden, title bar hidden
[2022.02.14-04.56.48:542][ 47]LogWorld: BeginTearingDown for /Game/InfiniteMatrix/Maps/UEDPIE_0_TutorialMap
[2022.02.14-04.56.48:542][ 47]LogSlate: Window 'InfiniteMatrix Preview [NetMode: Standalone]  (64-bit/Windows) ' being destroyed
[2022.02.14-04.56.48:546][ 47]LogWorld: UWorld::CleanupWorld for TutorialMap, bSessionEnded=true, bCleanupResources=true
[2022.02.14-04.56.48:546][ 47]LogSlate: InvalidateAllWidgets triggered.  All widgets were invalidated
[2022.02.14-04.56.48:551][ 47]LogPlayLevel: Display: Shutting down PIE online subsystems
[2022.02.14-04.56.48:552][ 47]LogSlate: InvalidateAllWidgets triggered.  All widgets were invalidated
[2022.02.14-04.56.48:555][ 47]LogAudio: Display: Audio Device unregistered from world 'None'.
[2022.02.14-04.56.48:555][ 47]LogAudioMixer: FMixerPlatformXAudio2::StopAudioStream() called
[2022.02.14-04.56.48:556][ 47]LogAudioMixer: FMixerPlatformXAudio2::StopAudioStream() called
[2022.02.14-04.56.48:560][ 47]LogUObjectHash: Compacting FUObjectHashTables data took   0.59ms
[2022.02.14-04.56.48:615][ 51]LogPlayLevel: Display: Destroying online subsystem :Context_5
